-- The C compiler identification is GNU 11.4.0
-- The CXX compiler identification is GNU 11.4.0
-- Detecting C compiler ABI info
-- Detecting C compiler ABI info - done
-- Check for working C compiler: /usr/bin/cc - skipped
-- Detecting C compile features
-- Detecting C compile features - done
-- Detecting CXX compiler ABI info
-- Detecting CXX compiler ABI info - done
-- Check for working CXX compiler: /usr/bin/c++ - skipped
-- Detecting CXX compile features
-- Detecting CXX compile features - done
-- Found ament_cmake: 1.3.12 (/opt/ros/humble/share/ament_cmake/cmake)
-- Found Python3: /usr/bin/python3 (found version "3.10.12") found components: Interpreter 
-- Configuring done
-- Generating done
[33mCMake Warning:
  Manually-specified variables were not used by the project:

    HUMBLE_ROS
    ROS_EDITION

[0m
-- Build files have been written to: /home/huahua/project/Go2/Go2_ws/build/navigation2
-- Install configuration: ""
-- Installing: /home/huahua/project/Go2/Go2_ws/install/navigation2/share/navigation2/launch
-- Installing: /home/huahua/project/Go2/Go2_ws/install/navigation2/share/navigation2/launch/navigation2.launch.py
-- Installing: /home/huahua/project/Go2/Go2_ws/install/navigation2/share/navigation2/param
-- Installing: /home/huahua/project/Go2/Go2_ws/install/navigation2/share/navigation2/param/nav2.yaml
-- Installing: /home/huahua/project/Go2/Go2_ws/install/navigation2/share/navigation2/maps
-- Installing: /home/huahua/project/Go2/Go2_ws/install/navigation2/share/navigation2/maps/warehouse_map.pgm
-- Installing: /home/huahua/project/Go2/Go2_ws/install/navigation2/share/navigation2/maps/warehouse_map.yaml
-- Installing: /home/huahua/project/Go2/Go2_ws/install/navigation2/share/ament_index/resource_index/package_run_dependencies/navigation2
-- Installing: /home/huahua/project/Go2/Go2_ws/install/navigation2/share/ament_index/resource_index/parent_prefix_path/navigation2
-- Installing: /home/huahua/project/Go2/Go2_ws/install/navigation2/share/navigation2/environment/ament_prefix_path.sh
-- Installing: /home/huahua/project/Go2/Go2_ws/install/navigation2/share/navigation2/environment/ament_prefix_path.dsv
-- Installing: /home/huahua/project/Go2/Go2_ws/install/navigation2/share/navigation2/environment/path.sh
-- Installing: /home/huahua/project/Go2/Go2_ws/install/navigation2/share/navigation2/environment/path.dsv
-- Installing: /home/huahua/project/Go2/Go2_ws/install/navigation2/share/navigation2/local_setup.bash
-- Installing: /home/huahua/project/Go2/Go2_ws/install/navigation2/share/navigation2/local_setup.sh
-- Installing: /home/huahua/project/Go2/Go2_ws/install/navigation2/share/navigation2/local_setup.zsh
-- Installing: /home/huahua/project/Go2/Go2_ws/install/navigation2/share/navigation2/local_setup.dsv
-- Installing: /home/huahua/project/Go2/Go2_ws/install/navigation2/share/navigation2/package.dsv
-- Installing: /home/huahua/project/Go2/Go2_ws/install/navigation2/share/ament_index/resource_index/packages/navigation2
-- Installing: /home/huahua/project/Go2/Go2_ws/install/navigation2/share/navigation2/cmake/navigation2Config.cmake
-- Installing: /home/huahua/project/Go2/Go2_ws/install/navigation2/share/navigation2/cmake/navigation2Config-version.cmake
-- Installing: /home/huahua/project/Go2/Go2_ws/install/navigation2/share/navigation2/package.xml
