[0.020s] Invoking command in '/home/huahua/project/Go2/Go2_ws/build/cartographer': CMAKE_PREFIX_PATH=${CMAKE_PREFIX_PATH}:/opt/ros/humble /usr/bin/cmake /home/huahua/project/Go2/Go2_ws/src/cartographer -DROS_EDITION=ROS2 -DHUMBLE_ROS=humble -DCMAKE_INSTALL_PREFIX=/home/huahua/project/Go2/Go2_ws/install/cartographer
[0.373s] -- The C compiler identification is GNU 11.4.0
[0.374s] -- The CXX compiler identification is GNU 11.4.0
[0.374s] -- Detecting C compiler ABI info
[0.374s] -- Detecting C compiler ABI info - done
[0.374s] -- Check for working C compiler: /usr/bin/cc - skipped
[0.374s] -- Detecting C compile features
[0.374s] -- Detecting C compile features - done
[0.374s] -- Detecting CXX compiler ABI info
[0.374s] -- Detecting CXX compiler ABI info - done
[0.374s] -- Check for working CXX compiler: /usr/bin/c++ - skipped
[0.374s] -- Detecting CXX compile features
[0.374s] -- Detecting CXX compile features - done
[0.374s] -- Found ament_cmake: 1.3.12 (/opt/ros/humble/share/ament_cmake/cmake)
[0.374s] -- Found Python3: /usr/bin/python3 (found version "3.10.12") found components: Interpreter 
[0.458s] -- Configuring done
[0.460s] -- Generating done
[0.460s] [33mCMake Warning:
[0.460s]   Manually-specified variables were not used by the project:
[0.461s] 
[0.461s]     HUMBLE_ROS
[0.461s]     ROS_EDITION
[0.461s] 
[0.461s] [0m
[0.461s] -- Build files have been written to: /home/huahua/project/Go2/Go2_ws/build/cartographer
[0.532s] Invoked command in '/home/huahua/project/Go2/Go2_ws/build/cartographer' returned '0': CMAKE_PREFIX_PATH=${CMAKE_PREFIX_PATH}:/opt/ros/humble /usr/bin/cmake /home/huahua/project/Go2/Go2_ws/src/cartographer -DROS_EDITION=ROS2 -DHUMBLE_ROS=humble -DCMAKE_INSTALL_PREFIX=/home/huahua/project/Go2/Go2_ws/install/cartographer
[0.533s] Invoking command in '/home/huahua/project/Go2/Go2_ws/build/cartographer': CMAKE_PREFIX_PATH=${CMAKE_PREFIX_PATH}:/opt/ros/humble /usr/bin/cmake --build /home/huahua/project/Go2/Go2_ws/build/cartographer -- -j20 -l20
[0.558s] Invoked command in '/home/huahua/project/Go2/Go2_ws/build/cartographer' returned '0': CMAKE_PREFIX_PATH=${CMAKE_PREFIX_PATH}:/opt/ros/humble /usr/bin/cmake --build /home/huahua/project/Go2/Go2_ws/build/cartographer -- -j20 -l20
[0.565s] Invoking command in '/home/huahua/project/Go2/Go2_ws/build/cartographer': CMAKE_PREFIX_PATH=${CMAKE_PREFIX_PATH}:/opt/ros/humble /usr/bin/cmake --install /home/huahua/project/Go2/Go2_ws/build/cartographer
[0.573s] -- Install configuration: ""
[0.573s] -- Installing: /home/huahua/project/Go2/Go2_ws/install/cartographer/share/cartographer/config
[0.573s] -- Installing: /home/huahua/project/Go2/Go2_ws/install/cartographer/share/cartographer/config/cartographer.lua
[0.573s] -- Installing: /home/huahua/project/Go2/Go2_ws/install/cartographer/share/cartographer/launch
[0.573s] -- Installing: /home/huahua/project/Go2/Go2_ws/install/cartographer/share/cartographer/launch/cartographer.launch.py
[0.574s] -- Installing: /home/huahua/project/Go2/Go2_ws/install/cartographer/share/cartographer/launch/slam_toolbox.launch.py
[0.574s] -- Installing: /home/huahua/project/Go2/Go2_ws/install/cartographer/share/cartographer/rviz
[0.574s] -- Installing: /home/huahua/project/Go2/Go2_ws/install/cartographer/share/cartographer/rviz/cartographer.rviz
[0.574s] -- Installing: /home/huahua/project/Go2/Go2_ws/install/cartographer/share/ament_index/resource_index/package_run_dependencies/cartographer
[0.576s] -- Installing: /home/huahua/project/Go2/Go2_ws/install/cartographer/share/ament_index/resource_index/parent_prefix_path/cartographer
[0.576s] -- Installing: /home/huahua/project/Go2/Go2_ws/install/cartographer/share/cartographer/environment/ament_prefix_path.sh
[0.576s] -- Installing: /home/huahua/project/Go2/Go2_ws/install/cartographer/share/cartographer/environment/ament_prefix_path.dsv
[0.576s] -- Installing: /home/huahua/project/Go2/Go2_ws/install/cartographer/share/cartographer/environment/path.sh
[0.576s] -- Installing: /home/huahua/project/Go2/Go2_ws/install/cartographer/share/cartographer/environment/path.dsv
[0.576s] -- Installing: /home/huahua/project/Go2/Go2_ws/install/cartographer/share/cartographer/local_setup.bash
[0.577s] -- Installing: /home/huahua/project/Go2/Go2_ws/install/cartographer/share/cartographer/local_setup.sh
[0.577s] -- Installing: /home/huahua/project/Go2/Go2_ws/install/cartographer/share/cartographer/local_setup.zsh
[0.577s] -- Installing: /home/huahua/project/Go2/Go2_ws/install/cartographer/share/cartographer/local_setup.dsv
[0.577s] -- Installing: /home/huahua/project/Go2/Go2_ws/install/cartographer/share/cartographer/package.dsv
[0.577s] -- Installing: /home/huahua/project/Go2/Go2_ws/install/cartographer/share/ament_index/resource_index/packages/cartographer
[0.577s] -- Installing: /home/huahua/project/Go2/Go2_ws/install/cartographer/share/cartographer/cmake/cartographerConfig.cmake
[0.577s] -- Installing: /home/huahua/project/Go2/Go2_ws/install/cartographer/share/cartographer/cmake/cartographerConfig-version.cmake
[0.577s] -- Installing: /home/huahua/project/Go2/Go2_ws/install/cartographer/share/cartographer/package.xml
[0.591s] Invoked command in '/home/huahua/project/Go2/Go2_ws/build/cartographer' returned '0': CMAKE_PREFIX_PATH=${CMAKE_PREFIX_PATH}:/opt/ros/humble /usr/bin/cmake --install /home/huahua/project/Go2/Go2_ws/build/cartographer
