[0.008s] Invoking command in '/home/huahua/project/Go2/Go2_ws/build/realsense2_rviz_plugin': AMENT_PREFIX_PATH=/home/huahua/project/Go2/Go2_ws/install/realsense2_camera_msgs:${AMENT_PREFIX_PATH} CMAKE_PREFIX_PATH=/home/huahua/project/Go2/Go2_ws/install/realsense2_camera_msgs:/home/huahua/project/Go2/unitree_ros2/cyclonedds_ws/install/unitree_hg:/home/huahua/project/Go2/unitree_ros2/cyclonedds_ws/install/unitree_go:/home/huahua/project/Go2/unitree_ros2/cyclonedds_ws/install/unitree_api:/opt/ros/humble LD_LIBRARY_PATH=/home/huahua/project/Go2/Go2_ws/install/realsense2_camera_msgs/lib:${LD_LIBRARY_PATH} PYTHONPATH=/home/huahua/project/Go2/Go2_ws/install/realsense2_camera_msgs/local/lib/python3.10/dist-packages:${PYTHONPATH} /usr/bin/cmake /home/huahua/project/Go2/Go2_ws/src/realsense-ros/realsense2_rgbd_plugin -DROS_EDITION=ROS2 -DHUMBLE_ROS=humble -DCMAKE_INSTALL_PREFIX=/home/huahua/project/Go2/Go2_ws/install/realsense2_rviz_plugin
[0.047s] -- The C compiler identification is GNU 11.4.0
[0.082s] -- The CXX compiler identification is GNU 11.4.0
[0.086s] -- Detecting C compiler ABI info
[0.131s] -- Detecting C compiler ABI info - done
[0.135s] -- Check for working C compiler: /usr/bin/cc - skipped
[0.135s] -- Detecting C compile features
[0.136s] -- Detecting C compile features - done
[0.137s] -- Detecting CXX compiler ABI info
[0.192s] -- Detecting CXX compiler ABI info - done
[0.198s] -- Check for working CXX compiler: /usr/bin/c++ - skipped
[0.198s] -- Detecting CXX compile features
[0.198s] -- Detecting CXX compile features - done
[0.200s] -- Found ament_cmake: 1.3.12 (/opt/ros/humble/share/ament_cmake/cmake)
[0.324s] -- Found Python3: /usr/bin/python3 (found version "3.10.12") found components: Interpreter 
[0.387s] -- RVIZ_RGBD_PLUGIN is DISABLED: Plugin will not be built.
[0.434s] -- Configuring done
[0.436s] -- Generating done
[0.436s] [33mCMake Warning:
[0.436s]   Manually-specified variables were not used by the project:
[0.436s] 
[0.436s]     HUMBLE_ROS
[0.436s]     ROS_EDITION
[0.436s] 
[0.436s] [0m
[0.436s] -- Build files have been written to: /home/huahua/project/Go2/Go2_ws/build/realsense2_rviz_plugin
[0.440s] Invoked command in '/home/huahua/project/Go2/Go2_ws/build/realsense2_rviz_plugin' returned '0': AMENT_PREFIX_PATH=/home/huahua/project/Go2/Go2_ws/install/realsense2_camera_msgs:${AMENT_PREFIX_PATH} CMAKE_PREFIX_PATH=/home/huahua/project/Go2/Go2_ws/install/realsense2_camera_msgs:/home/huahua/project/Go2/unitree_ros2/cyclonedds_ws/install/unitree_hg:/home/huahua/project/Go2/unitree_ros2/cyclonedds_ws/install/unitree_go:/home/huahua/project/Go2/unitree_ros2/cyclonedds_ws/install/unitree_api:/opt/ros/humble LD_LIBRARY_PATH=/home/huahua/project/Go2/Go2_ws/install/realsense2_camera_msgs/lib:${LD_LIBRARY_PATH} PYTHONPATH=/home/huahua/project/Go2/Go2_ws/install/realsense2_camera_msgs/local/lib/python3.10/dist-packages:${PYTHONPATH} /usr/bin/cmake /home/huahua/project/Go2/Go2_ws/src/realsense-ros/realsense2_rgbd_plugin -DROS_EDITION=ROS2 -DHUMBLE_ROS=humble -DCMAKE_INSTALL_PREFIX=/home/huahua/project/Go2/Go2_ws/install/realsense2_rviz_plugin
[0.441s] Invoking command in '/home/huahua/project/Go2/Go2_ws/build/realsense2_rviz_plugin': AMENT_PREFIX_PATH=/home/huahua/project/Go2/Go2_ws/install/realsense2_camera_msgs:${AMENT_PREFIX_PATH} CMAKE_PREFIX_PATH=/home/huahua/project/Go2/Go2_ws/install/realsense2_camera_msgs:/home/huahua/project/Go2/unitree_ros2/cyclonedds_ws/install/unitree_hg:/home/huahua/project/Go2/unitree_ros2/cyclonedds_ws/install/unitree_go:/home/huahua/project/Go2/unitree_ros2/cyclonedds_ws/install/unitree_api:/opt/ros/humble LD_LIBRARY_PATH=/home/huahua/project/Go2/Go2_ws/install/realsense2_camera_msgs/lib:${LD_LIBRARY_PATH} PYTHONPATH=/home/huahua/project/Go2/Go2_ws/install/realsense2_camera_msgs/local/lib/python3.10/dist-packages:${PYTHONPATH} /usr/bin/cmake --build /home/huahua/project/Go2/Go2_ws/build/realsense2_rviz_plugin -- -j20 -l20
[0.470s] Invoked command in '/home/huahua/project/Go2/Go2_ws/build/realsense2_rviz_plugin' returned '0': AMENT_PREFIX_PATH=/home/huahua/project/Go2/Go2_ws/install/realsense2_camera_msgs:${AMENT_PREFIX_PATH} CMAKE_PREFIX_PATH=/home/huahua/project/Go2/Go2_ws/install/realsense2_camera_msgs:/home/huahua/project/Go2/unitree_ros2/cyclonedds_ws/install/unitree_hg:/home/huahua/project/Go2/unitree_ros2/cyclonedds_ws/install/unitree_go:/home/huahua/project/Go2/unitree_ros2/cyclonedds_ws/install/unitree_api:/opt/ros/humble LD_LIBRARY_PATH=/home/huahua/project/Go2/Go2_ws/install/realsense2_camera_msgs/lib:${LD_LIBRARY_PATH} PYTHONPATH=/home/huahua/project/Go2/Go2_ws/install/realsense2_camera_msgs/local/lib/python3.10/dist-packages:${PYTHONPATH} /usr/bin/cmake --build /home/huahua/project/Go2/Go2_ws/build/realsense2_rviz_plugin -- -j20 -l20
[0.472s] Invoking command in '/home/huahua/project/Go2/Go2_ws/build/realsense2_rviz_plugin': AMENT_PREFIX_PATH=/home/huahua/project/Go2/Go2_ws/install/realsense2_camera_msgs:${AMENT_PREFIX_PATH} CMAKE_PREFIX_PATH=/home/huahua/project/Go2/Go2_ws/install/realsense2_camera_msgs:/home/huahua/project/Go2/unitree_ros2/cyclonedds_ws/install/unitree_hg:/home/huahua/project/Go2/unitree_ros2/cyclonedds_ws/install/unitree_go:/home/huahua/project/Go2/unitree_ros2/cyclonedds_ws/install/unitree_api:/opt/ros/humble LD_LIBRARY_PATH=/home/huahua/project/Go2/Go2_ws/install/realsense2_camera_msgs/lib:${LD_LIBRARY_PATH} PYTHONPATH=/home/huahua/project/Go2/Go2_ws/install/realsense2_camera_msgs/local/lib/python3.10/dist-packages:${PYTHONPATH} /usr/bin/cmake --install /home/huahua/project/Go2/Go2_ws/build/realsense2_rviz_plugin
[0.477s] -- Install configuration: ""
[0.477s] -- Installing: /home/huahua/project/Go2/Go2_ws/install/realsense2_rviz_plugin/share/realsense2_rviz_plugin/config/rviz_rgbd_plugin_settings.yaml
[0.477s] -- Installing: /home/huahua/project/Go2/Go2_ws/install/realsense2_rviz_plugin/share/ament_index/resource_index/package_run_dependencies/realsense2_rviz_plugin
[0.477s] -- Installing: /home/huahua/project/Go2/Go2_ws/install/realsense2_rviz_plugin/share/ament_index/resource_index/parent_prefix_path/realsense2_rviz_plugin
[0.477s] -- Installing: /home/huahua/project/Go2/Go2_ws/install/realsense2_rviz_plugin/share/realsense2_rviz_plugin/environment/ament_prefix_path.sh
[0.477s] -- Installing: /home/huahua/project/Go2/Go2_ws/install/realsense2_rviz_plugin/share/realsense2_rviz_plugin/environment/ament_prefix_path.dsv
[0.477s] -- Installing: /home/huahua/project/Go2/Go2_ws/install/realsense2_rviz_plugin/share/realsense2_rviz_plugin/environment/path.sh
[0.477s] -- Installing: /home/huahua/project/Go2/Go2_ws/install/realsense2_rviz_plugin/share/realsense2_rviz_plugin/environment/path.dsv
[0.477s] -- Installing: /home/huahua/project/Go2/Go2_ws/install/realsense2_rviz_plugin/share/realsense2_rviz_plugin/local_setup.bash
[0.477s] -- Installing: /home/huahua/project/Go2/Go2_ws/install/realsense2_rviz_plugin/share/realsense2_rviz_plugin/local_setup.sh
[0.477s] -- Installing: /home/huahua/project/Go2/Go2_ws/install/realsense2_rviz_plugin/share/realsense2_rviz_plugin/local_setup.zsh
[0.477s] -- Installing: /home/huahua/project/Go2/Go2_ws/install/realsense2_rviz_plugin/share/realsense2_rviz_plugin/local_setup.dsv
[0.477s] -- Installing: /home/huahua/project/Go2/Go2_ws/install/realsense2_rviz_plugin/share/realsense2_rviz_plugin/package.dsv
[0.478s] -- Installing: /home/huahua/project/Go2/Go2_ws/install/realsense2_rviz_plugin/share/ament_index/resource_index/packages/realsense2_rviz_plugin
[0.478s] -- Installing: /home/huahua/project/Go2/Go2_ws/install/realsense2_rviz_plugin/share/realsense2_rviz_plugin/cmake/realsense2_rviz_pluginConfig.cmake
[0.478s] -- Installing: /home/huahua/project/Go2/Go2_ws/install/realsense2_rviz_plugin/share/realsense2_rviz_plugin/cmake/realsense2_rviz_pluginConfig-version.cmake
[0.478s] -- Installing: /home/huahua/project/Go2/Go2_ws/install/realsense2_rviz_plugin/share/realsense2_rviz_plugin/package.xml
[0.479s] Invoked command in '/home/huahua/project/Go2/Go2_ws/build/realsense2_rviz_plugin' returned '0': AMENT_PREFIX_PATH=/home/huahua/project/Go2/Go2_ws/install/realsense2_camera_msgs:${AMENT_PREFIX_PATH} CMAKE_PREFIX_PATH=/home/huahua/project/Go2/Go2_ws/install/realsense2_camera_msgs:/home/huahua/project/Go2/unitree_ros2/cyclonedds_ws/install/unitree_hg:/home/huahua/project/Go2/unitree_ros2/cyclonedds_ws/install/unitree_go:/home/huahua/project/Go2/unitree_ros2/cyclonedds_ws/install/unitree_api:/opt/ros/humble LD_LIBRARY_PATH=/home/huahua/project/Go2/Go2_ws/install/realsense2_camera_msgs/lib:${LD_LIBRARY_PATH} PYTHONPATH=/home/huahua/project/Go2/Go2_ws/install/realsense2_camera_msgs/local/lib/python3.10/dist-packages:${PYTHONPATH} /usr/bin/cmake --install /home/huahua/project/Go2/Go2_ws/build/realsense2_rviz_plugin
