/home/huahua/project/Go2/Go2_ws/install/go2_description/lib/python3.10/site-packages/go2_description/__init__.py
/home/huahua/project/Go2/Go2_ws/install/go2_description/lib/python3.10/site-packages/go2_description/__pycache__/__init__.cpython-310.pyc
/home/huahua/project/Go2/Go2_ws/install/go2_description/share/ament_index/resource_index/packages/go2_description
/home/huahua/project/Go2/Go2_ws/install/go2_description/share/go2_description/package.xml
/home/huahua/project/Go2/Go2_ws/install/go2_description/share/go2_description/dae/thigh.dae
/home/huahua/project/Go2/Go2_ws/install/go2_description/share/go2_description/dae/mid360.dae
/home/huahua/project/Go2/Go2_ws/install/go2_description/share/go2_description/dae/thigh_mirror.dae
/home/huahua/project/Go2/Go2_ws/install/go2_description/share/go2_description/dae/calf.dae
/home/huahua/project/Go2/Go2_ws/install/go2_description/share/go2_description/dae/foot.dae
/home/huahua/project/Go2/Go2_ws/install/go2_description/share/go2_description/dae/base.dae
/home/huahua/project/Go2/Go2_ws/install/go2_description/share/go2_description/dae/realsense.dae
/home/huahua/project/Go2/Go2_ws/install/go2_description/share/go2_description/dae/calf_mirror.dae
/home/huahua/project/Go2/Go2_ws/install/go2_description/share/go2_description/dae/hip.dae
/home/huahua/project/Go2/Go2_ws/install/go2_description/share/go2_description/urdf/robot.urdf
/home/huahua/project/Go2/Go2_ws/install/go2_description/share/go2_description/launch/display.launch.py
/home/huahua/project/Go2/Go2_ws/install/go2_description/share/go2_description/rviz/display.rviz
/home/huahua/project/Go2/Go2_ws/install/go2_description/lib/python3.10/site-packages/go2_description-0.0.0-py3.10.egg-info/dependency_links.txt
/home/huahua/project/Go2/Go2_ws/install/go2_description/lib/python3.10/site-packages/go2_description-0.0.0-py3.10.egg-info/entry_points.txt
/home/huahua/project/Go2/Go2_ws/install/go2_description/lib/python3.10/site-packages/go2_description-0.0.0-py3.10.egg-info/requires.txt
/home/huahua/project/Go2/Go2_ws/install/go2_description/lib/python3.10/site-packages/go2_description-0.0.0-py3.10.egg-info/PKG-INFO
/home/huahua/project/Go2/Go2_ws/install/go2_description/lib/python3.10/site-packages/go2_description-0.0.0-py3.10.egg-info/top_level.txt
/home/huahua/project/Go2/Go2_ws/install/go2_description/lib/python3.10/site-packages/go2_description-0.0.0-py3.10.egg-info/zip-safe
/home/huahua/project/Go2/Go2_ws/install/go2_description/lib/python3.10/site-packages/go2_description-0.0.0-py3.10.egg-info/SOURCES.txt
/home/huahua/project/Go2/Go2_ws/install/go2_description/lib/go2_description/go2_description
