[0.008s] Invoking command in '/home/huahua/project/Go2/Go2_ws/build/realsense2_description': AMENT_PREFIX_PATH=/home/huahua/project/Go2/Go2_ws/install/realsense2_camera_msgs:${AMENT_PREFIX_PATH} CMAKE_PREFIX_PATH=/home/huahua/project/Go2/Go2_ws/install/realsense2_camera_msgs:/home/huahua/project/Go2/unitree_ros2/cyclonedds_ws/install/unitree_hg:/home/huahua/project/Go2/unitree_ros2/cyclonedds_ws/install/unitree_go:/home/huahua/project/Go2/unitree_ros2/cyclonedds_ws/install/unitree_api:/opt/ros/humble LD_LIBRARY_PATH=/home/huahua/project/Go2/Go2_ws/install/realsense2_camera_msgs/lib:${LD_LIBRARY_PATH} PYTHONPATH=/home/huahua/project/Go2/Go2_ws/install/realsense2_camera_msgs/local/lib/python3.10/dist-packages:${PYTHONPATH} /usr/bin/cmake /home/huahua/project/Go2/Go2_ws/src/realsense-ros/realsense2_description -DROS_EDITION=ROS2 -DHUMBLE_ROS=humble -DCMAKE_INSTALL_PREFIX=/home/huahua/project/Go2/Go2_ws/install/realsense2_description
[0.048s] -- The C compiler identification is GNU 11.4.0
[0.094s] -- The CXX compiler identification is GNU 11.4.0
[0.099s] -- Detecting C compiler ABI info
[0.149s] -- Detecting C compiler ABI info - done
[0.153s] -- Check for working C compiler: /usr/bin/cc - skipped
[0.153s] -- Detecting C compile features
[0.153s] -- Detecting C compile features - done
[0.155s] -- Detecting CXX compiler ABI info
[0.209s] -- Detecting CXX compiler ABI info - done
[0.216s] -- Check for working CXX compiler: /usr/bin/c++ - skipped
[0.216s] -- Detecting CXX compile features
[0.216s] -- Detecting CXX compile features - done
[0.219s] -- Found ament_cmake: 1.3.12 (/opt/ros/humble/share/ament_cmake/cmake)
[0.328s] -- Found Python3: /usr/bin/python3 (found version "3.10.12") found components: Interpreter 
[0.441s] -- Configuring done
[0.444s] -- Generating done
[0.444s] [33mCMake Warning:
[0.444s]   Manually-specified variables were not used by the project:
[0.444s] 
[0.444s]     HUMBLE_ROS
[0.444s]     ROS_EDITION
[0.444s] 
[0.444s] [0m
[0.444s] -- Build files have been written to: /home/huahua/project/Go2/Go2_ws/build/realsense2_description
[0.449s] Invoked command in '/home/huahua/project/Go2/Go2_ws/build/realsense2_description' returned '0': AMENT_PREFIX_PATH=/home/huahua/project/Go2/Go2_ws/install/realsense2_camera_msgs:${AMENT_PREFIX_PATH} CMAKE_PREFIX_PATH=/home/huahua/project/Go2/Go2_ws/install/realsense2_camera_msgs:/home/huahua/project/Go2/unitree_ros2/cyclonedds_ws/install/unitree_hg:/home/huahua/project/Go2/unitree_ros2/cyclonedds_ws/install/unitree_go:/home/huahua/project/Go2/unitree_ros2/cyclonedds_ws/install/unitree_api:/opt/ros/humble LD_LIBRARY_PATH=/home/huahua/project/Go2/Go2_ws/install/realsense2_camera_msgs/lib:${LD_LIBRARY_PATH} PYTHONPATH=/home/huahua/project/Go2/Go2_ws/install/realsense2_camera_msgs/local/lib/python3.10/dist-packages:${PYTHONPATH} /usr/bin/cmake /home/huahua/project/Go2/Go2_ws/src/realsense-ros/realsense2_description -DROS_EDITION=ROS2 -DHUMBLE_ROS=humble -DCMAKE_INSTALL_PREFIX=/home/huahua/project/Go2/Go2_ws/install/realsense2_description
[0.450s] Invoking command in '/home/huahua/project/Go2/Go2_ws/build/realsense2_description': AMENT_PREFIX_PATH=/home/huahua/project/Go2/Go2_ws/install/realsense2_camera_msgs:${AMENT_PREFIX_PATH} CMAKE_PREFIX_PATH=/home/huahua/project/Go2/Go2_ws/install/realsense2_camera_msgs:/home/huahua/project/Go2/unitree_ros2/cyclonedds_ws/install/unitree_hg:/home/huahua/project/Go2/unitree_ros2/cyclonedds_ws/install/unitree_go:/home/huahua/project/Go2/unitree_ros2/cyclonedds_ws/install/unitree_api:/opt/ros/humble LD_LIBRARY_PATH=/home/huahua/project/Go2/Go2_ws/install/realsense2_camera_msgs/lib:${LD_LIBRARY_PATH} PYTHONPATH=/home/huahua/project/Go2/Go2_ws/install/realsense2_camera_msgs/local/lib/python3.10/dist-packages:${PYTHONPATH} /usr/bin/cmake --build /home/huahua/project/Go2/Go2_ws/build/realsense2_description -- -j20 -l20
[0.475s] Invoked command in '/home/huahua/project/Go2/Go2_ws/build/realsense2_description' returned '0': AMENT_PREFIX_PATH=/home/huahua/project/Go2/Go2_ws/install/realsense2_camera_msgs:${AMENT_PREFIX_PATH} CMAKE_PREFIX_PATH=/home/huahua/project/Go2/Go2_ws/install/realsense2_camera_msgs:/home/huahua/project/Go2/unitree_ros2/cyclonedds_ws/install/unitree_hg:/home/huahua/project/Go2/unitree_ros2/cyclonedds_ws/install/unitree_go:/home/huahua/project/Go2/unitree_ros2/cyclonedds_ws/install/unitree_api:/opt/ros/humble LD_LIBRARY_PATH=/home/huahua/project/Go2/Go2_ws/install/realsense2_camera_msgs/lib:${LD_LIBRARY_PATH} PYTHONPATH=/home/huahua/project/Go2/Go2_ws/install/realsense2_camera_msgs/local/lib/python3.10/dist-packages:${PYTHONPATH} /usr/bin/cmake --build /home/huahua/project/Go2/Go2_ws/build/realsense2_description -- -j20 -l20
[0.476s] Invoking command in '/home/huahua/project/Go2/Go2_ws/build/realsense2_description': AMENT_PREFIX_PATH=/home/huahua/project/Go2/Go2_ws/install/realsense2_camera_msgs:${AMENT_PREFIX_PATH} CMAKE_PREFIX_PATH=/home/huahua/project/Go2/Go2_ws/install/realsense2_camera_msgs:/home/huahua/project/Go2/unitree_ros2/cyclonedds_ws/install/unitree_hg:/home/huahua/project/Go2/unitree_ros2/cyclonedds_ws/install/unitree_go:/home/huahua/project/Go2/unitree_ros2/cyclonedds_ws/install/unitree_api:/opt/ros/humble LD_LIBRARY_PATH=/home/huahua/project/Go2/Go2_ws/install/realsense2_camera_msgs/lib:${LD_LIBRARY_PATH} PYTHONPATH=/home/huahua/project/Go2/Go2_ws/install/realsense2_camera_msgs/local/lib/python3.10/dist-packages:${PYTHONPATH} /usr/bin/cmake --install /home/huahua/project/Go2/Go2_ws/build/realsense2_description
[0.483s] -- Install configuration: ""
[0.483s] -- Installing: /home/huahua/project/Go2/Go2_ws/install/realsense2_description/share/realsense2_description/launch
[0.483s] -- Installing: /home/huahua/project/Go2/Go2_ws/install/realsense2_description/share/realsense2_description/launch/view_model.launch.py
[0.483s] -- Installing: /home/huahua/project/Go2/Go2_ws/install/realsense2_description/share/realsense2_description/launch/launch_utils.py
[0.483s] -- Installing: /home/huahua/project/Go2/Go2_ws/install/realsense2_description/share/realsense2_description/meshes
[0.483s] -- Installing: /home/huahua/project/Go2/Go2_ws/install/realsense2_description/share/realsense2_description/meshes/d405.stl
[0.484s] -- Installing: /home/huahua/project/Go2/Go2_ws/install/realsense2_description/share/realsense2_description/meshes/plug.stl
[0.484s] -- Installing: /home/huahua/project/Go2/Go2_ws/install/realsense2_description/share/realsense2_description/meshes/d415.stl
[0.493s] -- Installing: /home/huahua/project/Go2/Go2_ws/install/realsense2_description/share/realsense2_description/meshes/d585.stl
[0.496s] -- Installing: /home/huahua/project/Go2/Go2_ws/install/realsense2_description/share/realsense2_description/meshes/l515.dae
[0.510s] -- Installing: /home/huahua/project/Go2/Go2_ws/install/realsense2_description/share/realsense2_description/meshes/d435.dae
[0.516s] -- Installing: /home/huahua/project/Go2/Go2_ws/install/realsense2_description/share/realsense2_description/meshes/d455.stl
[0.517s] -- Installing: /home/huahua/project/Go2/Go2_ws/install/realsense2_description/share/realsense2_description/meshes/plug_collision.stl
[0.517s] -- Installing: /home/huahua/project/Go2/Go2_ws/install/realsense2_description/share/realsense2_description/rviz
[0.518s] -- Installing: /home/huahua/project/Go2/Go2_ws/install/realsense2_description/share/realsense2_description/rviz/urdf.rviz
[0.518s] -- Installing: /home/huahua/project/Go2/Go2_ws/install/realsense2_description/share/realsense2_description/urdf
[0.518s] -- Installing: /home/huahua/project/Go2/Go2_ws/install/realsense2_description/share/realsense2_description/urdf/test_d455_camera.urdf.xacro
[0.518s] -- Installing: /home/huahua/project/Go2/Go2_ws/install/realsense2_description/share/realsense2_description/urdf/test_d435_camera.urdf.xacro
[0.518s] -- Installing: /home/huahua/project/Go2/Go2_ws/install/realsense2_description/share/realsense2_description/urdf/test_r430_camera.urdf.xacro
[0.518s] -- Installing: /home/huahua/project/Go2/Go2_ws/install/realsense2_description/share/realsense2_description/urdf/_d455.urdf.xacro
[0.518s] -- Installing: /home/huahua/project/Go2/Go2_ws/install/realsense2_description/share/realsense2_description/urdf/_d435.urdf.xacro
[0.518s] -- Installing: /home/huahua/project/Go2/Go2_ws/install/realsense2_description/share/realsense2_description/urdf/test_d435_multiple_cameras.urdf.xacro
[0.518s] -- Installing: /home/huahua/project/Go2/Go2_ws/install/realsense2_description/share/realsense2_description/urdf/_d405.urdf.xacro
[0.518s] -- Installing: /home/huahua/project/Go2/Go2_ws/install/realsense2_description/share/realsense2_description/urdf/_d435i_imu_modules.urdf.xacro
[0.518s] -- Installing: /home/huahua/project/Go2/Go2_ws/install/realsense2_description/share/realsense2_description/urdf/_d585.urdf.xacro
[0.518s] -- Installing: /home/huahua/project/Go2/Go2_ws/install/realsense2_description/share/realsense2_description/urdf/_d415.urdf.xacro
[0.518s] -- Installing: /home/huahua/project/Go2/Go2_ws/install/realsense2_description/share/realsense2_description/urdf/_r410.urdf.xacro
[0.518s] -- Installing: /home/huahua/project/Go2/Go2_ws/install/realsense2_description/share/realsense2_description/urdf/test_r410_camera.urdf.xacro
[0.518s] -- Installing: /home/huahua/project/Go2/Go2_ws/install/realsense2_description/share/realsense2_description/urdf/test_d415_camera.urdf.xacro
[0.519s] -- Installing: /home/huahua/project/Go2/Go2_ws/install/realsense2_description/share/realsense2_description/urdf/_usb_plug.urdf.xacro
[0.519s] -- Installing: /home/huahua/project/Go2/Go2_ws/install/realsense2_description/share/realsense2_description/urdf/_r430.urdf.xacro
[0.519s] -- Installing: /home/huahua/project/Go2/Go2_ws/install/realsense2_description/share/realsense2_description/urdf/test_d585_camera.urdf.xacro
[0.519s] -- Installing: /home/huahua/project/Go2/Go2_ws/install/realsense2_description/share/realsense2_description/urdf/test_d435i_camera.urdf.xacro
[0.519s] -- Installing: /home/huahua/project/Go2/Go2_ws/install/realsense2_description/share/realsense2_description/urdf/test_d405_camera.urdf.xacro
[0.519s] -- Installing: /home/huahua/project/Go2/Go2_ws/install/realsense2_description/share/realsense2_description/urdf/_d435i.urdf.xacro
[0.519s] -- Installing: /home/huahua/project/Go2/Go2_ws/install/realsense2_description/share/realsense2_description/urdf/_materials.urdf.xacro
[0.519s] -- Installing: /home/huahua/project/Go2/Go2_ws/install/realsense2_description/share/ament_index/resource_index/package_run_dependencies/realsense2_description
[0.519s] -- Installing: /home/huahua/project/Go2/Go2_ws/install/realsense2_description/share/ament_index/resource_index/parent_prefix_path/realsense2_description
[0.519s] -- Installing: /home/huahua/project/Go2/Go2_ws/install/realsense2_description/share/realsense2_description/environment/ament_prefix_path.sh
[0.519s] -- Installing: /home/huahua/project/Go2/Go2_ws/install/realsense2_description/share/realsense2_description/environment/ament_prefix_path.dsv
[0.519s] -- Installing: /home/huahua/project/Go2/Go2_ws/install/realsense2_description/share/realsense2_description/environment/path.sh
[0.519s] -- Installing: /home/huahua/project/Go2/Go2_ws/install/realsense2_description/share/realsense2_description/environment/path.dsv
[0.519s] -- Installing: /home/huahua/project/Go2/Go2_ws/install/realsense2_description/share/realsense2_description/local_setup.bash
[0.519s] -- Installing: /home/huahua/project/Go2/Go2_ws/install/realsense2_description/share/realsense2_description/local_setup.sh
[0.519s] -- Installing: /home/huahua/project/Go2/Go2_ws/install/realsense2_description/share/realsense2_description/local_setup.zsh
[0.519s] -- Installing: /home/huahua/project/Go2/Go2_ws/install/realsense2_description/share/realsense2_description/local_setup.dsv
[0.519s] -- Installing: /home/huahua/project/Go2/Go2_ws/install/realsense2_description/share/realsense2_description/package.dsv
[0.520s] -- Installing: /home/huahua/project/Go2/Go2_ws/install/realsense2_description/share/ament_index/resource_index/packages/realsense2_description
[0.520s] -- Installing: /home/huahua/project/Go2/Go2_ws/install/realsense2_description/share/realsense2_description/cmake/realsense2_descriptionConfig.cmake
[0.520s] -- Installing: /home/huahua/project/Go2/Go2_ws/install/realsense2_description/share/realsense2_description/cmake/realsense2_descriptionConfig-version.cmake
[0.520s] -- Installing: /home/huahua/project/Go2/Go2_ws/install/realsense2_description/share/realsense2_description/package.xml
[0.521s] Invoked command in '/home/huahua/project/Go2/Go2_ws/build/realsense2_description' returned '0': AMENT_PREFIX_PATH=/home/huahua/project/Go2/Go2_ws/install/realsense2_camera_msgs:${AMENT_PREFIX_PATH} CMAKE_PREFIX_PATH=/home/huahua/project/Go2/Go2_ws/install/realsense2_camera_msgs:/home/huahua/project/Go2/unitree_ros2/cyclonedds_ws/install/unitree_hg:/home/huahua/project/Go2/unitree_ros2/cyclonedds_ws/install/unitree_go:/home/huahua/project/Go2/unitree_ros2/cyclonedds_ws/install/unitree_api:/opt/ros/humble LD_LIBRARY_PATH=/home/huahua/project/Go2/Go2_ws/install/realsense2_camera_msgs/lib:${LD_LIBRARY_PATH} PYTHONPATH=/home/huahua/project/Go2/Go2_ws/install/realsense2_camera_msgs/local/lib/python3.10/dist-packages:${PYTHONPATH} /usr/bin/cmake --install /home/huahua/project/Go2/Go2_ws/build/realsense2_description
