[0.734s] Invoking command in '/home/huahua/project/Go2/Go2_ws/src/go2_description': PYTHONPATH=/home/huahua/project/Go2/Go2_ws/build/go2_description/prefix_override:/usr/lib/python3/dist-packages/colcon_core/task/python/colcon_distutils_commands:/home/huahua/project/Go2/Go2_ws/install/go2_description/lib/python3.10/site-packages:${PYTHONPATH} /usr/bin/python3 -W ignore:setup.py install is deprecated -W ignore:easy_install command is deprecated setup.py egg_info --egg-base ../../build/go2_description build --build-base /home/huahua/project/Go2/Go2_ws/build/go2_description/build install --record /home/huahua/project/Go2/Go2_ws/build/go2_description/install.log --single-version-externally-managed install_data
[0.867s] running egg_info
[0.867s] creating ../../build/go2_description/go2_description.egg-info
[0.867s] writing ../../build/go2_description/go2_description.egg-info/PKG-INFO
[0.867s] writing dependency_links to ../../build/go2_description/go2_description.egg-info/dependency_links.txt
[0.868s] writing entry points to ../../build/go2_description/go2_description.egg-info/entry_points.txt
[0.868s] writing requirements to ../../build/go2_description/go2_description.egg-info/requires.txt
[0.868s] writing top-level names to ../../build/go2_description/go2_description.egg-info/top_level.txt
[0.868s] writing manifest file '../../build/go2_description/go2_description.egg-info/SOURCES.txt'
[0.868s] reading manifest file '../../build/go2_description/go2_description.egg-info/SOURCES.txt'
[0.869s] writing manifest file '../../build/go2_description/go2_description.egg-info/SOURCES.txt'
[0.869s] running build
[0.869s] running build_py
[0.869s] creating /home/huahua/project/Go2/Go2_ws/build/go2_description/build
[0.869s] creating /home/huahua/project/Go2/Go2_ws/build/go2_description/build/lib
[0.869s] creating /home/huahua/project/Go2/Go2_ws/build/go2_description/build/lib/go2_description
[0.870s] copying go2_description/__init__.py -> /home/huahua/project/Go2/Go2_ws/build/go2_description/build/lib/go2_description
[0.870s] running install
[0.870s] running install_lib
[0.870s] creating /home/huahua/project/Go2/Go2_ws/install/go2_description/lib/python3.10/site-packages/go2_description
[0.870s] copying /home/huahua/project/Go2/Go2_ws/build/go2_description/build/lib/go2_description/__init__.py -> /home/huahua/project/Go2/Go2_ws/install/go2_description/lib/python3.10/site-packages/go2_description
[0.871s] byte-compiling /home/huahua/project/Go2/Go2_ws/install/go2_description/lib/python3.10/site-packages/go2_description/__init__.py to __init__.cpython-310.pyc
[0.871s] running install_data
[0.871s] creating /home/huahua/project/Go2/Go2_ws/install/go2_description/share/ament_index
[0.871s] creating /home/huahua/project/Go2/Go2_ws/install/go2_description/share/ament_index/resource_index
[0.872s] creating /home/huahua/project/Go2/Go2_ws/install/go2_description/share/ament_index/resource_index/packages
[0.872s] copying resource/go2_description -> /home/huahua/project/Go2/Go2_ws/install/go2_description/share/ament_index/resource_index/packages
[0.872s] copying package.xml -> /home/huahua/project/Go2/Go2_ws/install/go2_description/share/go2_description
[0.872s] creating /home/huahua/project/Go2/Go2_ws/install/go2_description/share/go2_description/dae
[0.872s] copying dae/thigh.dae -> /home/huahua/project/Go2/Go2_ws/install/go2_description/share/go2_description/dae
[0.873s] copying dae/mid360.dae -> /home/huahua/project/Go2/Go2_ws/install/go2_description/share/go2_description/dae
[0.876s] copying dae/thigh_mirror.dae -> /home/huahua/project/Go2/Go2_ws/install/go2_description/share/go2_description/dae
[0.877s] copying dae/calf.dae -> /home/huahua/project/Go2/Go2_ws/install/go2_description/share/go2_description/dae
[0.878s] copying dae/foot.dae -> /home/huahua/project/Go2/Go2_ws/install/go2_description/share/go2_description/dae
[0.878s] copying dae/base.dae -> /home/huahua/project/Go2/Go2_ws/install/go2_description/share/go2_description/dae
[0.882s] copying dae/realsense.dae -> /home/huahua/project/Go2/Go2_ws/install/go2_description/share/go2_description/dae
[0.882s] copying dae/calf_mirror.dae -> /home/huahua/project/Go2/Go2_ws/install/go2_description/share/go2_description/dae
[0.883s] copying dae/hip.dae -> /home/huahua/project/Go2/Go2_ws/install/go2_description/share/go2_description/dae
[0.885s] creating /home/huahua/project/Go2/Go2_ws/install/go2_description/share/go2_description/urdf
[0.885s] copying urdf/robot.urdf -> /home/huahua/project/Go2/Go2_ws/install/go2_description/share/go2_description/urdf
[0.885s] creating /home/huahua/project/Go2/Go2_ws/install/go2_description/share/go2_description/launch
[0.885s] copying launch/display.launch.py -> /home/huahua/project/Go2/Go2_ws/install/go2_description/share/go2_description/launch
[0.885s] creating /home/huahua/project/Go2/Go2_ws/install/go2_description/share/go2_description/rviz
[0.885s] copying rviz/display.rviz -> /home/huahua/project/Go2/Go2_ws/install/go2_description/share/go2_description/rviz
[0.885s] running install_egg_info
[0.886s] Copying ../../build/go2_description/go2_description.egg-info to /home/huahua/project/Go2/Go2_ws/install/go2_description/lib/python3.10/site-packages/go2_description-0.0.0-py3.10.egg-info
[0.886s] running install_scripts
[0.899s] Installing go2_description script to /home/huahua/project/Go2/Go2_ws/install/go2_description/lib/go2_description
[0.899s] writing list of installed files to '/home/huahua/project/Go2/Go2_ws/build/go2_description/install.log'
[0.914s] Invoked command in '/home/huahua/project/Go2/Go2_ws/src/go2_description' returned '0': PYTHONPATH=/home/huahua/project/Go2/Go2_ws/build/go2_description/prefix_override:/usr/lib/python3/dist-packages/colcon_core/task/python/colcon_distutils_commands:/home/huahua/project/Go2/Go2_ws/install/go2_description/lib/python3.10/site-packages:${PYTHONPATH} /usr/bin/python3 -W ignore:setup.py install is deprecated -W ignore:easy_install command is deprecated setup.py egg_info --egg-base ../../build/go2_description build --build-base /home/huahua/project/Go2/Go2_ws/build/go2_description/build install --record /home/huahua/project/Go2/Go2_ws/build/go2_description/install.log --single-version-externally-managed install_data
