-- The C compiler identification is GNU 11.4.0
-- The CXX compiler identification is GNU 11.4.0
-- Detecting C compiler ABI info
-- Detecting C compiler ABI info - done
-- Check for working C compiler: /usr/bin/cc - skipped
-- Detecting C compile features
-- Detecting C compile features - done
-- Detecting CXX compiler ABI info
-- Detecting CXX compiler ABI info - done
-- Check for working CXX compiler: /usr/bin/c++ - skipped
-- Detecting CXX compile features
-- Detecting CXX compile features - done
-- Found ament_cmake: 1.3.12 (/opt/ros/humble/share/ament_cmake/cmake)
-- Found Python3: /usr/bin/python3 (found version "3.10.12") found components: Interpreter 
-- Found rclcpp: 16.0.16 (/opt/ros/humble/share/rclcpp/cmake)
-- Found rosidl_generator_c: 3.1.7 (/opt/ros/humble/share/rosidl_generator_c/cmake)
-- Found rosidl_adapter: 3.1.7 (/opt/ros/humble/share/rosidl_adapter/cmake)
-- Found rosidl_generator_cpp: 3.1.7 (/opt/ros/humble/share/rosidl_generator_cpp/cmake)
-- Using all available rosidl_typesupport_c: rosidl_typesupport_fastrtps_c;rosidl_typesupport_introspection_c
-- Using all available rosidl_typesupport_cpp: rosidl_typesupport_fastrtps_cpp;rosidl_typesupport_introspection_cpp
-- Found rmw_implementation_cmake: 6.1.2 (/opt/ros/humble/share/rmw_implementation_cmake/cmake)
-- Found rmw_cyclonedds_cpp: 1.3.4 (/opt/ros/humble/share/rmw_cyclonedds_cpp/cmake)
-- Using RMW implementation 'rmw_cyclonedds_cpp' as default
-- Looking for pthread.h
-- Looking for pthread.h - found
-- Performing Test CMAKE_HAVE_LIBC_PTHREAD
-- Performing Test CMAKE_HAVE_LIBC_PTHREAD - Success
-- Found Threads: TRUE  
-- Found geometry_msgs: 4.9.0 (/opt/ros/humble/share/geometry_msgs/cmake)
-- Found nav_msgs: 4.9.0 (/opt/ros/humble/share/nav_msgs/cmake)
-- Found tf2: 0.25.17 (/opt/ros/humble/share/tf2/cmake)
-- Found tf2_ros: 0.25.17 (/opt/ros/humble/share/tf2_ros/cmake)
-- Found ament_lint_auto: 0.12.14 (/opt/ros/humble/share/ament_lint_auto/cmake)
-- Added test 'cppcheck' to perform static code analysis on C / C++ code
-- Configured cppcheck include dirs: $<BUILD_INTERFACE:/home/huahua/project/Go2/Go2_ws/src/odom_tf/include>
-- Configured cppcheck exclude dirs and/or files: 
-- Added test 'flake8' to check Python code syntax and style conventions
-- Added test 'lint_cmake' to check CMake code style
-- Added test 'pep257' to check Python code against some of the docstring style conventions in PEP 257
-- Added test 'uncrustify' to check C / C++ code style
-- Configured uncrustify additional arguments: 
-- Added test 'xmllint' to check XML markup files
-- Configuring done
-- Generating done
[33mCMake Warning:
  Manually-specified variables were not used by the project:

    HUMBLE_ROS
    ROS_EDITION

[0m
-- Build files have been written to: /home/huahua/project/Go2/Go2_ws/build/odom_tf
[ 50%] [32mBuilding CXX object CMakeFiles/odom_tf.dir/src/odom_tf.cpp.o[0m
[100%] [32m[1mLinking CXX executable odom_tf[0m
[100%] Built target odom_tf
-- Install configuration: ""
-- Installing: /home/huahua/project/Go2/Go2_ws/install/odom_tf/lib/odom_tf/odom_tf
-- Set runtime path of "/home/huahua/project/Go2/Go2_ws/install/odom_tf/lib/odom_tf/odom_tf" to ""
-- Installing: /home/huahua/project/Go2/Go2_ws/install/odom_tf/share/odom_tf/launch
-- Installing: /home/huahua/project/Go2/Go2_ws/install/odom_tf/share/odom_tf/launch/odom_tf.launch.py
-- Installing: /home/huahua/project/Go2/Go2_ws/install/odom_tf/share/ament_index/resource_index/package_run_dependencies/odom_tf
-- Installing: /home/huahua/project/Go2/Go2_ws/install/odom_tf/share/ament_index/resource_index/parent_prefix_path/odom_tf
-- Installing: /home/huahua/project/Go2/Go2_ws/install/odom_tf/share/odom_tf/environment/ament_prefix_path.sh
-- Installing: /home/huahua/project/Go2/Go2_ws/install/odom_tf/share/odom_tf/environment/ament_prefix_path.dsv
-- Installing: /home/huahua/project/Go2/Go2_ws/install/odom_tf/share/odom_tf/environment/path.sh
-- Installing: /home/huahua/project/Go2/Go2_ws/install/odom_tf/share/odom_tf/environment/path.dsv
-- Installing: /home/huahua/project/Go2/Go2_ws/install/odom_tf/share/odom_tf/local_setup.bash
-- Installing: /home/huahua/project/Go2/Go2_ws/install/odom_tf/share/odom_tf/local_setup.sh
-- Installing: /home/huahua/project/Go2/Go2_ws/install/odom_tf/share/odom_tf/local_setup.zsh
-- Installing: /home/huahua/project/Go2/Go2_ws/install/odom_tf/share/odom_tf/local_setup.dsv
-- Installing: /home/huahua/project/Go2/Go2_ws/install/odom_tf/share/odom_tf/package.dsv
-- Installing: /home/huahua/project/Go2/Go2_ws/install/odom_tf/share/ament_index/resource_index/packages/odom_tf
-- Installing: /home/huahua/project/Go2/Go2_ws/install/odom_tf/share/odom_tf/cmake/odom_tfConfig.cmake
-- Installing: /home/huahua/project/Go2/Go2_ws/install/odom_tf/share/odom_tf/cmake/odom_tfConfig-version.cmake
-- Installing: /home/huahua/project/Go2/Go2_ws/install/odom_tf/share/odom_tf/package.xml
