[0.361s] Invoking command in '/home/huahua/project/Go2/Go2_ws/build/odom_tf': CMAKE_PREFIX_PATH=${CMAKE_PREFIX_PATH}:/opt/ros/humble /usr/bin/cmake /home/huahua/project/Go2/Go2_ws/src/odom_tf -DROS_EDITION=ROS2 -DHUMBLE_ROS=humble -DCMAKE_INSTALL_PREFIX=/home/huahua/project/Go2/Go2_ws/install/odom_tf
[0.416s] -- The C compiler identification is GNU 11.4.0
[0.460s] -- The CXX compiler identification is GNU 11.4.0
[0.465s] -- Detecting C compiler ABI info
[0.513s] -- Detecting C compiler ABI info - done
[0.519s] -- Check for working C compiler: /usr/bin/cc - skipped
[0.519s] -- Detecting C compile features
[0.519s] -- Detecting C compile features - done
[0.521s] -- Detecting CXX compiler ABI info
[0.571s] -- Detecting CXX compiler ABI info - done
[0.578s] -- Check for working CXX compiler: /usr/bin/c++ - skipped
[0.578s] -- Detecting CXX compile features
[0.579s] -- Detecting CXX compile features - done
[0.581s] -- Found ament_cmake: 1.3.12 (/opt/ros/humble/share/ament_cmake/cmake)
[0.696s] -- Found Python3: /usr/bin/python3 (found version "3.10.12") found components: Interpreter 
[0.781s] -- Found rclcpp: 16.0.16 (/opt/ros/humble/share/rclcpp/cmake)
[0.811s] -- Found rosidl_generator_c: 3.1.7 (/opt/ros/humble/share/rosidl_generator_c/cmake)
[0.814s] -- Found rosidl_adapter: 3.1.7 (/opt/ros/humble/share/rosidl_adapter/cmake)
[0.819s] -- Found rosidl_generator_cpp: 3.1.7 (/opt/ros/humble/share/rosidl_generator_cpp/cmake)
[0.826s] -- Using all available rosidl_typesupport_c: rosidl_typesupport_fastrtps_c;rosidl_typesupport_introspection_c
[0.835s] -- Using all available rosidl_typesupport_cpp: rosidl_typesupport_fastrtps_cpp;rosidl_typesupport_introspection_cpp
[0.862s] -- Found rmw_implementation_cmake: 6.1.2 (/opt/ros/humble/share/rmw_implementation_cmake/cmake)
[0.863s] -- Found rmw_cyclonedds_cpp: 1.3.4 (/opt/ros/humble/share/rmw_cyclonedds_cpp/cmake)
[0.876s] -- Using RMW implementation 'rmw_cyclonedds_cpp' as default
[0.881s] -- Looking for pthread.h
[0.932s] -- Looking for pthread.h - found
[0.933s] -- Performing Test CMAKE_HAVE_LIBC_PTHREAD
[0.984s] -- Performing Test CMAKE_HAVE_LIBC_PTHREAD - Success
[0.985s] -- Found Threads: TRUE  
[1.016s] -- Found geometry_msgs: 4.9.0 (/opt/ros/humble/share/geometry_msgs/cmake)
[1.023s] -- Found nav_msgs: 4.9.0 (/opt/ros/humble/share/nav_msgs/cmake)
[1.033s] -- Found tf2: 0.25.17 (/opt/ros/humble/share/tf2/cmake)
[1.039s] -- Found tf2_ros: 0.25.17 (/opt/ros/humble/share/tf2_ros/cmake)
[1.089s] -- Found ament_lint_auto: 0.12.14 (/opt/ros/humble/share/ament_lint_auto/cmake)
[1.134s] -- Added test 'cppcheck' to perform static code analysis on C / C++ code
[1.134s] -- Configured cppcheck include dirs: $<BUILD_INTERFACE:/home/huahua/project/Go2/Go2_ws/src/odom_tf/include>
[1.134s] -- Configured cppcheck exclude dirs and/or files: 
[1.134s] -- Added test 'flake8' to check Python code syntax and style conventions
[1.134s] -- Added test 'lint_cmake' to check CMake code style
[1.134s] -- Added test 'pep257' to check Python code against some of the docstring style conventions in PEP 257
[1.135s] -- Added test 'uncrustify' to check C / C++ code style
[1.135s] -- Configured uncrustify additional arguments: 
[1.135s] -- Added test 'xmllint' to check XML markup files
[1.135s] -- Configuring done
[1.141s] -- Generating done
[1.142s] [33mCMake Warning:
[1.142s]   Manually-specified variables were not used by the project:
[1.142s] 
[1.142s]     HUMBLE_ROS
[1.142s]     ROS_EDITION
[1.142s] 
[1.142s] [0m
[1.143s] -- Build files have been written to: /home/huahua/project/Go2/Go2_ws/build/odom_tf
[1.150s] Invoked command in '/home/huahua/project/Go2/Go2_ws/build/odom_tf' returned '0': CMAKE_PREFIX_PATH=${CMAKE_PREFIX_PATH}:/opt/ros/humble /usr/bin/cmake /home/huahua/project/Go2/Go2_ws/src/odom_tf -DROS_EDITION=ROS2 -DHUMBLE_ROS=humble -DCMAKE_INSTALL_PREFIX=/home/huahua/project/Go2/Go2_ws/install/odom_tf
[1.150s] Invoking command in '/home/huahua/project/Go2/Go2_ws/build/odom_tf': CMAKE_PREFIX_PATH=${CMAKE_PREFIX_PATH}:/opt/ros/humble /usr/bin/cmake --build /home/huahua/project/Go2/Go2_ws/build/odom_tf -- -j20 -l20
[1.184s] [ 50%] [32mBuilding CXX object CMakeFiles/odom_tf.dir/src/odom_tf.cpp.o[0m
[7.064s] [100%] [32m[1mLinking CXX executable odom_tf[0m
[7.312s] [100%] Built target odom_tf
[7.322s] Invoked command in '/home/huahua/project/Go2/Go2_ws/build/odom_tf' returned '0': CMAKE_PREFIX_PATH=${CMAKE_PREFIX_PATH}:/opt/ros/humble /usr/bin/cmake --build /home/huahua/project/Go2/Go2_ws/build/odom_tf -- -j20 -l20
[7.323s] Invoking command in '/home/huahua/project/Go2/Go2_ws/build/odom_tf': CMAKE_PREFIX_PATH=${CMAKE_PREFIX_PATH}:/opt/ros/humble /usr/bin/cmake --install /home/huahua/project/Go2/Go2_ws/build/odom_tf
[7.330s] -- Install configuration: ""
[7.330s] -- Installing: /home/huahua/project/Go2/Go2_ws/install/odom_tf/lib/odom_tf/odom_tf
[7.333s] -- Set runtime path of "/home/huahua/project/Go2/Go2_ws/install/odom_tf/lib/odom_tf/odom_tf" to ""
[7.333s] -- Installing: /home/huahua/project/Go2/Go2_ws/install/odom_tf/share/odom_tf/launch
[7.333s] -- Installing: /home/huahua/project/Go2/Go2_ws/install/odom_tf/share/odom_tf/launch/odom_tf.launch.py
[7.333s] -- Installing: /home/huahua/project/Go2/Go2_ws/install/odom_tf/share/ament_index/resource_index/package_run_dependencies/odom_tf
[7.333s] -- Installing: /home/huahua/project/Go2/Go2_ws/install/odom_tf/share/ament_index/resource_index/parent_prefix_path/odom_tf
[7.333s] -- Installing: /home/huahua/project/Go2/Go2_ws/install/odom_tf/share/odom_tf/environment/ament_prefix_path.sh
[7.333s] -- Installing: /home/huahua/project/Go2/Go2_ws/install/odom_tf/share/odom_tf/environment/ament_prefix_path.dsv
[7.334s] -- Installing: /home/huahua/project/Go2/Go2_ws/install/odom_tf/share/odom_tf/environment/path.sh
[7.334s] -- Installing: /home/huahua/project/Go2/Go2_ws/install/odom_tf/share/odom_tf/environment/path.dsv
[7.334s] -- Installing: /home/huahua/project/Go2/Go2_ws/install/odom_tf/share/odom_tf/local_setup.bash
[7.334s] -- Installing: /home/huahua/project/Go2/Go2_ws/install/odom_tf/share/odom_tf/local_setup.sh
[7.334s] -- Installing: /home/huahua/project/Go2/Go2_ws/install/odom_tf/share/odom_tf/local_setup.zsh
[7.334s] -- Installing: /home/huahua/project/Go2/Go2_ws/install/odom_tf/share/odom_tf/local_setup.dsv
[7.334s] -- Installing: /home/huahua/project/Go2/Go2_ws/install/odom_tf/share/odom_tf/package.dsv
[7.334s] -- Installing: /home/huahua/project/Go2/Go2_ws/install/odom_tf/share/ament_index/resource_index/packages/odom_tf
[7.334s] -- Installing: /home/huahua/project/Go2/Go2_ws/install/odom_tf/share/odom_tf/cmake/odom_tfConfig.cmake
[7.334s] -- Installing: /home/huahua/project/Go2/Go2_ws/install/odom_tf/share/odom_tf/cmake/odom_tfConfig-version.cmake
[7.335s] -- Installing: /home/huahua/project/Go2/Go2_ws/install/odom_tf/share/odom_tf/package.xml
[7.337s] Invoked command in '/home/huahua/project/Go2/Go2_ws/build/odom_tf' returned '0': CMAKE_PREFIX_PATH=${CMAKE_PREFIX_PATH}:/opt/ros/humble /usr/bin/cmake --install /home/huahua/project/Go2/Go2_ws/build/odom_tf
