[0.155s] Invoking command in '/home/huahua/project/Go2/Go2_ws/build/point_lio': AMENT_PREFIX_PATH=/home/huahua/project/Go2/Go2_ws/install/livox_ros_driver2:${AMENT_PREFIX_PATH} CMAKE_PREFIX_PATH=/home/huahua/project/Go2/Go2_ws/install/livox_ros_driver2:/home/huahua/project/Go2/unitree_ros2/cyclonedds_ws/install/unitree_hg:/home/huahua/project/Go2/unitree_ros2/cyclonedds_ws/install/unitree_go:/home/huahua/project/Go2/unitree_ros2/cyclonedds_ws/install/unitree_api:/opt/ros/humble LD_LIBRARY_PATH=/home/huahua/project/Go2/Go2_ws/install/livox_ros_driver2/lib:${LD_LIBRARY_PATH} PYTHONPATH=/home/huahua/project/Go2/Go2_ws/install/livox_ros_driver2/local/lib/python3.10/dist-packages:${PYTHONPATH} /usr/bin/cmake /home/huahua/project/Go2/Go2_ws/src/point_lio_ros2 -DROS_EDITION=ROS2 -DHUMBLE_ROS=humble -DCMAKE_INSTALL_PREFIX=/home/huahua/project/Go2/Go2_ws/install/point_lio
[0.192s] -- The C compiler identification is GNU 11.4.0
[0.227s] -- The CXX compiler identification is GNU 11.4.0
[0.233s] -- Detecting C compiler ABI info
[0.282s] -- Detecting C compiler ABI info - done
[0.289s] -- Check for working C compiler: /usr/bin/cc - skipped
[0.289s] -- Detecting C compile features
[0.289s] -- Detecting C compile features - done
[0.291s] -- Detecting CXX compiler ABI info
[0.351s] -- Detecting CXX compiler ABI info - done
[0.358s] -- Check for working CXX compiler: /usr/bin/c++ - skipped
[0.358s] -- Detecting CXX compile features
[0.358s] -- Detecting CXX compile features - done
[0.358s] -- Current CPU architecture: x86_64
[0.362s] -- Processor number:  20
[0.362s] -- core for MP:  3
[0.364s] -- Found ament_cmake: 1.3.12 (/opt/ros/humble/share/ament_cmake/cmake)
[0.469s] -- Found Python3: /usr/bin/python3 (found version "3.10.12") found components: Interpreter 
[0.524s] -- Found rclcpp: 16.0.16 (/opt/ros/humble/share/rclcpp/cmake)
[0.550s] -- Found rosidl_generator_c: 3.1.7 (/opt/ros/humble/share/rosidl_generator_c/cmake)
[0.553s] -- Found rosidl_adapter: 3.1.7 (/opt/ros/humble/share/rosidl_adapter/cmake)
[0.558s] -- Found rosidl_generator_cpp: 3.1.7 (/opt/ros/humble/share/rosidl_generator_cpp/cmake)
[0.565s] -- Using all available rosidl_typesupport_c: rosidl_typesupport_fastrtps_c;rosidl_typesupport_introspection_c
[0.574s] -- Using all available rosidl_typesupport_cpp: rosidl_typesupport_fastrtps_cpp;rosidl_typesupport_introspection_cpp
[0.600s] -- Found rmw_implementation_cmake: 6.1.2 (/opt/ros/humble/share/rmw_implementation_cmake/cmake)
[0.602s] -- Found rmw_cyclonedds_cpp: 1.3.4 (/opt/ros/humble/share/rmw_cyclonedds_cpp/cmake)
[0.615s] -- Using RMW implementation 'rmw_cyclonedds_cpp' as default
[0.619s] -- Looking for pthread.h
[0.699s] -- Looking for pthread.h - found
[0.700s] -- Performing Test CMAKE_HAVE_LIBC_PTHREAD
[0.754s] -- Performing Test CMAKE_HAVE_LIBC_PTHREAD - Success
[0.755s] -- Found Threads: TRUE  
[0.784s] -- Found rclpy: 3.3.19 (/opt/ros/humble/share/rclpy/cmake)
[0.785s] -- Found geometry_msgs: 4.9.0 (/opt/ros/humble/share/geometry_msgs/cmake)
[0.793s] -- Found nav_msgs: 4.9.0 (/opt/ros/humble/share/nav_msgs/cmake)
[0.803s] -- Found sensor_msgs: 4.9.0 (/opt/ros/humble/share/sensor_msgs/cmake)
[0.813s] -- Found pcl_ros: 2.4.5 (/opt/ros/humble/share/pcl_ros/cmake)
[0.839s] -- Checking for module 'eigen3'
[0.849s] --   Found eigen3, version 3.4.0
[0.872s] -- Found Eigen: /usr/include/eigen3 (Required is at least version "3.1") 
[0.872s] -- Eigen found (include: /usr/include/eigen3, version: 3.4.0)
[0.894s] -- Checking for module 'flann'
[0.904s] --   Found flann, version 1.9.1
[0.934s] -- Found FLANN: /usr/lib/x86_64-linux-gnu/libflann_cpp.so  
[0.935s] -- FLANN found (include: /usr/include, lib: /usr/lib/x86_64-linux-gnu/libflann_cpp.so)
[1.583s] -- Checking for module 'libusb-1.0'
[1.595s] --   Found libusb-1.0, version 1.0.25
[1.622s] -- Found libusb: /usr/lib/x86_64-linux-gnu/libusb-1.0.so  
[1.623s] -- OpenNI found (version: 1.5.4.0, include: /usr/include/ni, lib: /usr/lib/libOpenNI.so;libusb::libusb)
[1.664s] -- OpenNI2 found (version: 2.2.0.33, include: /usr/include/openni2, lib: /usr/lib/x86_64-linux-gnu/libOpenNI2.so;libusb::libusb)
[1.775s] -- Eigen found (include: /usr/include/eigen3, version: 3.4.0)
[1.780s] -- OpenNI found (version: 1.5.4.0, include: /usr/include/ni, lib: /usr/lib/libOpenNI.so;libusb::libusb)
[1.785s] -- OpenNI2 found (version: 2.2.0.33, include: /usr/include/openni2, lib: /usr/lib/x86_64-linux-gnu/libOpenNI2.so;libusb::libusb)
[1.875s] -- Found Qhull version 8.0.2
[1.970s] -- OpenNI found (version: 1.5.4.0, include: /usr/include/ni, lib: /usr/lib/libOpenNI.so;libusb::libusb)
[2.061s] -- Found PCL_COMMON: /usr/lib/x86_64-linux-gnu/libpcl_common.so  
[2.062s] -- Found PCL_KDTREE: /usr/lib/x86_64-linux-gnu/libpcl_kdtree.so  
[2.063s] -- Found PCL_OCTREE: /usr/lib/x86_64-linux-gnu/libpcl_octree.so  
[2.063s] -- Found PCL_SEARCH: /usr/lib/x86_64-linux-gnu/libpcl_search.so  
[2.064s] -- Found PCL_SAMPLE_CONSENSUS: /usr/lib/x86_64-linux-gnu/libpcl_sample_consensus.so  
[2.064s] -- Found PCL_FILTERS: /usr/lib/x86_64-linux-gnu/libpcl_filters.so  
[2.064s] -- Found PCL_2D: /usr/include/pcl-1.12  
[2.064s] -- Found PCL_GEOMETRY: /usr/include/pcl-1.12  
[2.065s] -- Found PCL_IO: /usr/lib/x86_64-linux-gnu/libpcl_io.so  
[2.065s] -- Found PCL_FEATURES: /usr/lib/x86_64-linux-gnu/libpcl_features.so  
[2.066s] -- Found PCL_ML: /usr/lib/x86_64-linux-gnu/libpcl_ml.so  
[2.066s] -- Found PCL_SEGMENTATION: /usr/lib/x86_64-linux-gnu/libpcl_segmentation.so  
[2.067s] -- Found PCL_VISUALIZATION: /usr/lib/x86_64-linux-gnu/libpcl_visualization.so  
[2.068s] -- Found PCL_SURFACE: /usr/lib/x86_64-linux-gnu/libpcl_surface.so  
[2.068s] -- Found PCL_REGISTRATION: /usr/lib/x86_64-linux-gnu/libpcl_registration.so  
[2.069s] -- Found PCL_KEYPOINTS: /usr/lib/x86_64-linux-gnu/libpcl_keypoints.so  
[2.069s] -- Found PCL_TRACKING: /usr/lib/x86_64-linux-gnu/libpcl_tracking.so  
[2.070s] -- Found PCL_RECOGNITION: /usr/lib/x86_64-linux-gnu/libpcl_recognition.so  
[2.070s] -- Found PCL_STEREO: /usr/lib/x86_64-linux-gnu/libpcl_stereo.so  
[2.071s] -- Found PCL_APPS: /usr/lib/x86_64-linux-gnu/libpcl_apps.so  
[2.071s] -- Found PCL_IN_HAND_SCANNER: /usr/include/pcl-1.12  
[2.072s] -- Found PCL_MODELER: /usr/include/pcl-1.12  
[2.072s] -- Found PCL_POINT_CLOUD_EDITOR: /usr/include/pcl-1.12  
[2.072s] -- Found PCL_OUTOFCORE: /usr/lib/x86_64-linux-gnu/libpcl_outofcore.so  
[2.073s] -- Found PCL_PEOPLE: /usr/lib/x86_64-linux-gnu/libpcl_people.so  
[2.092s] -- Found eigen3_cmake_module: 0.1.1 (/opt/ros/humble/share/eigen3_cmake_module/cmake)
[2.093s] -- Found Eigen3: TRUE (found version "3.4.0") 
[2.093s] -- Ensuring Eigen3 include directory is part of orocos-kdl CMake target
[2.146s] -- Found visualization_msgs: 4.9.0 (/opt/ros/humble/share/visualization_msgs/cmake)
[2.156s] -- Found livox_ros_driver2: 1.0.0 (/home/huahua/project/Go2/Go2_ws/install/livox_ros_driver2/share/livox_ros_driver2/cmake)
[2.415s] -- Found PythonLibs: /usr/lib/x86_64-linux-gnu/libpython3.10.so (found version "3.10.12") 
[2.459s] -- Configuring done
[2.489s] -- Generating done
[2.492s] [33mCMake Warning:
[2.492s]   Manually-specified variables were not used by the project:
[2.492s] 
[2.492s]     HUMBLE_ROS
[2.493s]     ROS_EDITION
[2.493s] 
[2.493s] [0m
[2.500s] -- Build files have been written to: /home/huahua/project/Go2/Go2_ws/build/point_lio
[2.522s] Invoked command in '/home/huahua/project/Go2/Go2_ws/build/point_lio' returned '0': AMENT_PREFIX_PATH=/home/huahua/project/Go2/Go2_ws/install/livox_ros_driver2:${AMENT_PREFIX_PATH} CMAKE_PREFIX_PATH=/home/huahua/project/Go2/Go2_ws/install/livox_ros_driver2:/home/huahua/project/Go2/unitree_ros2/cyclonedds_ws/install/unitree_hg:/home/huahua/project/Go2/unitree_ros2/cyclonedds_ws/install/unitree_go:/home/huahua/project/Go2/unitree_ros2/cyclonedds_ws/install/unitree_api:/opt/ros/humble LD_LIBRARY_PATH=/home/huahua/project/Go2/Go2_ws/install/livox_ros_driver2/lib:${LD_LIBRARY_PATH} PYTHONPATH=/home/huahua/project/Go2/Go2_ws/install/livox_ros_driver2/local/lib/python3.10/dist-packages:${PYTHONPATH} /usr/bin/cmake /home/huahua/project/Go2/Go2_ws/src/point_lio_ros2 -DROS_EDITION=ROS2 -DHUMBLE_ROS=humble -DCMAKE_INSTALL_PREFIX=/home/huahua/project/Go2/Go2_ws/install/point_lio
[2.531s] Invoking command in '/home/huahua/project/Go2/Go2_ws/build/point_lio': AMENT_PREFIX_PATH=/home/huahua/project/Go2/Go2_ws/install/livox_ros_driver2:${AMENT_PREFIX_PATH} CMAKE_PREFIX_PATH=/home/huahua/project/Go2/Go2_ws/install/livox_ros_driver2:/home/huahua/project/Go2/unitree_ros2/cyclonedds_ws/install/unitree_hg:/home/huahua/project/Go2/unitree_ros2/cyclonedds_ws/install/unitree_go:/home/huahua/project/Go2/unitree_ros2/cyclonedds_ws/install/unitree_api:/opt/ros/humble LD_LIBRARY_PATH=/home/huahua/project/Go2/Go2_ws/install/livox_ros_driver2/lib:${LD_LIBRARY_PATH} PYTHONPATH=/home/huahua/project/Go2/Go2_ws/install/livox_ros_driver2/local/lib/python3.10/dist-packages:${PYTHONPATH} /usr/bin/cmake --build /home/huahua/project/Go2/Go2_ws/build/point_lio -- -j20 -l20
[2.614s] [ 16%] [32mBuilding CXX object CMakeFiles/pointlio_mapping.dir/src/laserMapping.cpp.o[0m
[2.614s] [ 33%] [32mBuilding CXX object CMakeFiles/pointlio_mapping.dir/include/ikd-Tree/ikd_Tree.cpp.o[0m
[2.615s] [ 50%] [32mBuilding CXX object CMakeFiles/pointlio_mapping.dir/src/preprocess.cpp.o[0m
[2.616s] [ 66%] [32mBuilding CXX object CMakeFiles/pointlio_mapping.dir/src/parameters.cpp.o[0m
[2.617s] [ 83%] [32mBuilding CXX object CMakeFiles/pointlio_mapping.dir/src/Estimator.cpp.o[0m
[36.915s] [100%] [32m[1mLinking CXX executable pointlio_mapping[0m
[37.448s] [100%] Built target pointlio_mapping
[37.455s] Invoked command in '/home/huahua/project/Go2/Go2_ws/build/point_lio' returned '0': AMENT_PREFIX_PATH=/home/huahua/project/Go2/Go2_ws/install/livox_ros_driver2:${AMENT_PREFIX_PATH} CMAKE_PREFIX_PATH=/home/huahua/project/Go2/Go2_ws/install/livox_ros_driver2:/home/huahua/project/Go2/unitree_ros2/cyclonedds_ws/install/unitree_hg:/home/huahua/project/Go2/unitree_ros2/cyclonedds_ws/install/unitree_go:/home/huahua/project/Go2/unitree_ros2/cyclonedds_ws/install/unitree_api:/opt/ros/humble LD_LIBRARY_PATH=/home/huahua/project/Go2/Go2_ws/install/livox_ros_driver2/lib:${LD_LIBRARY_PATH} PYTHONPATH=/home/huahua/project/Go2/Go2_ws/install/livox_ros_driver2/local/lib/python3.10/dist-packages:${PYTHONPATH} /usr/bin/cmake --build /home/huahua/project/Go2/Go2_ws/build/point_lio -- -j20 -l20
[37.456s] Invoking command in '/home/huahua/project/Go2/Go2_ws/build/point_lio': AMENT_PREFIX_PATH=/home/huahua/project/Go2/Go2_ws/install/livox_ros_driver2:${AMENT_PREFIX_PATH} CMAKE_PREFIX_PATH=/home/huahua/project/Go2/Go2_ws/install/livox_ros_driver2:/home/huahua/project/Go2/unitree_ros2/cyclonedds_ws/install/unitree_hg:/home/huahua/project/Go2/unitree_ros2/cyclonedds_ws/install/unitree_go:/home/huahua/project/Go2/unitree_ros2/cyclonedds_ws/install/unitree_api:/opt/ros/humble LD_LIBRARY_PATH=/home/huahua/project/Go2/Go2_ws/install/livox_ros_driver2/lib:${LD_LIBRARY_PATH} PYTHONPATH=/home/huahua/project/Go2/Go2_ws/install/livox_ros_driver2/local/lib/python3.10/dist-packages:${PYTHONPATH} /usr/bin/cmake --install /home/huahua/project/Go2/Go2_ws/build/point_lio
[37.460s] -- Install configuration: ""
[37.460s] -- Installing: /home/huahua/project/Go2/Go2_ws/install/point_lio/lib/point_lio/pointlio_mapping
[37.461s] -- Set runtime path of "/home/huahua/project/Go2/Go2_ws/install/point_lio/lib/point_lio/pointlio_mapping" to ""
[37.461s] -- Installing: /home/huahua/project/Go2/Go2_ws/install/point_lio/share/point_lio/config
[37.461s] -- Installing: /home/huahua/project/Go2/Go2_ws/install/point_lio/share/point_lio/config/unilidar_l1.yaml
[37.461s] -- Installing: /home/huahua/project/Go2/Go2_ws/install/point_lio/share/point_lio/config/unilidar_l2.yaml
[37.461s] -- Installing: /home/huahua/project/Go2/Go2_ws/install/point_lio/share/point_lio/config/ouster64.yaml
[37.461s] -- Installing: /home/huahua/project/Go2/Go2_ws/install/point_lio/share/point_lio/config/velody16.yaml
[37.461s] -- Installing: /home/huahua/project/Go2/Go2_ws/install/point_lio/share/point_lio/config/mid360.yaml
[37.461s] -- Installing: /home/huahua/project/Go2/Go2_ws/install/point_lio/share/point_lio/config/horizon.yaml
[37.461s] -- Installing: /home/huahua/project/Go2/Go2_ws/install/point_lio/share/point_lio/config/avia.yaml
[37.461s] -- Installing: /home/huahua/project/Go2/Go2_ws/install/point_lio/share/point_lio/launch
[37.461s] -- Installing: /home/huahua/project/Go2/Go2_ws/install/point_lio/share/point_lio/launch/correct_odom_unilidar_l1.launch.py
[37.461s] -- Installing: /home/huahua/project/Go2/Go2_ws/install/point_lio/share/point_lio/launch/mapping_unilidar_l2.launch.py
[37.461s] -- Installing: /home/huahua/project/Go2/Go2_ws/install/point_lio/share/point_lio/launch/correct_odom_unilidar_l2.launch.py
[37.461s] -- Installing: /home/huahua/project/Go2/Go2_ws/install/point_lio/share/point_lio/launch/mapping_horizon.launch.py
[37.461s] -- Installing: /home/huahua/project/Go2/Go2_ws/install/point_lio/share/point_lio/launch/mapping_unilidar_l1.launch.py
[37.461s] -- Installing: /home/huahua/project/Go2/Go2_ws/install/point_lio/share/point_lio/launch/mapping_avia.launch.py
[37.461s] -- Installing: /home/huahua/project/Go2/Go2_ws/install/point_lio/share/point_lio/launch/mapping_ouster64.launch.py
[37.461s] -- Installing: /home/huahua/project/Go2/Go2_ws/install/point_lio/share/point_lio/launch/mapping_velody16.launch.py
[37.461s] -- Installing: /home/huahua/project/Go2/Go2_ws/install/point_lio/share/point_lio/launch/mapping_mid360.launch.py
[37.461s] -- Installing: /home/huahua/project/Go2/Go2_ws/install/point_lio/share/point_lio/launch/gdb_debug_example.launch.py
[37.461s] -- Installing: /home/huahua/project/Go2/Go2_ws/install/point_lio/share/point_lio/rviz_cfg
[37.461s] -- Installing: /home/huahua/project/Go2/Go2_ws/install/point_lio/share/point_lio/rviz_cfg/loam_livox.rviz
[37.493s] -- Installing: /home/huahua/project/Go2/Go2_ws/install/point_lio/share/ament_index/resource_index/package_run_dependencies/point_lio
[37.493s] -- Installing: /home/huahua/project/Go2/Go2_ws/install/point_lio/share/ament_index/resource_index/parent_prefix_path/point_lio
[37.493s] -- Installing: /home/huahua/project/Go2/Go2_ws/install/point_lio/share/point_lio/environment/ament_prefix_path.sh
[37.493s] -- Installing: /home/huahua/project/Go2/Go2_ws/install/point_lio/share/point_lio/environment/ament_prefix_path.dsv
[37.493s] -- Installing: /home/huahua/project/Go2/Go2_ws/install/point_lio/share/point_lio/environment/path.sh
[37.493s] -- Installing: /home/huahua/project/Go2/Go2_ws/install/point_lio/share/point_lio/environment/path.dsv
[37.494s] -- Installing: /home/huahua/project/Go2/Go2_ws/install/point_lio/share/point_lio/local_setup.bash
[37.494s] -- Installing: /home/huahua/project/Go2/Go2_ws/install/point_lio/share/point_lio/local_setup.sh
[37.494s] -- Installing: /home/huahua/project/Go2/Go2_ws/install/point_lio/share/point_lio/local_setup.zsh
[37.494s] -- Installing: /home/huahua/project/Go2/Go2_ws/install/point_lio/share/point_lio/local_setup.dsv
[37.494s] -- Installing: /home/huahua/project/Go2/Go2_ws/install/point_lio/share/point_lio/package.dsv
[37.494s] -- Installing: /home/huahua/project/Go2/Go2_ws/install/point_lio/share/ament_index/resource_index/packages/point_lio
[37.494s] -- Installing: /home/huahua/project/Go2/Go2_ws/install/point_lio/share/point_lio/cmake/ament_cmake_export_dependencies-extras.cmake
[37.494s] -- Installing: /home/huahua/project/Go2/Go2_ws/install/point_lio/share/point_lio/cmake/point_lioConfig.cmake
[37.494s] -- Installing: /home/huahua/project/Go2/Go2_ws/install/point_lio/share/point_lio/cmake/point_lioConfig-version.cmake
[37.494s] -- Installing: /home/huahua/project/Go2/Go2_ws/install/point_lio/share/point_lio/package.xml
[37.495s] Invoked command in '/home/huahua/project/Go2/Go2_ws/build/point_lio' returned '0': AMENT_PREFIX_PATH=/home/huahua/project/Go2/Go2_ws/install/livox_ros_driver2:${AMENT_PREFIX_PATH} CMAKE_PREFIX_PATH=/home/huahua/project/Go2/Go2_ws/install/livox_ros_driver2:/home/huahua/project/Go2/unitree_ros2/cyclonedds_ws/install/unitree_hg:/home/huahua/project/Go2/unitree_ros2/cyclonedds_ws/install/unitree_go:/home/huahua/project/Go2/unitree_ros2/cyclonedds_ws/install/unitree_api:/opt/ros/humble LD_LIBRARY_PATH=/home/huahua/project/Go2/Go2_ws/install/livox_ros_driver2/lib:${LD_LIBRARY_PATH} PYTHONPATH=/home/huahua/project/Go2/Go2_ws/install/livox_ros_driver2/local/lib/python3.10/dist-packages:${PYTHONPATH} /usr/bin/cmake --install /home/huahua/project/Go2/Go2_ws/build/point_lio
