/home/huahua/project/Go2/Go2_ws/install/go2_driver/lib/python3.10/site-packages/go2_driver/go2_joint_pub.py
/home/huahua/project/Go2/Go2_ws/install/go2_driver/lib/python3.10/site-packages/go2_driver/go2_odom_imu.py
/home/huahua/project/Go2/Go2_ws/install/go2_driver/lib/python3.10/site-packages/go2_driver/go2_controller.py
/home/huahua/project/Go2/Go2_ws/install/go2_driver/lib/python3.10/site-packages/go2_driver/twist_bridge.py
/home/huahua/project/Go2/Go2_ws/install/go2_driver/lib/python3.10/site-packages/go2_driver/__init__.py
/home/huahua/project/Go2/Go2_ws/install/go2_driver/lib/python3.10/site-packages/go2_driver/__pycache__/go2_joint_pub.cpython-310.pyc
/home/huahua/project/Go2/Go2_ws/install/go2_driver/lib/python3.10/site-packages/go2_driver/__pycache__/go2_odom_imu.cpython-310.pyc
/home/huahua/project/Go2/Go2_ws/install/go2_driver/lib/python3.10/site-packages/go2_driver/__pycache__/go2_controller.cpython-310.pyc
/home/huahua/project/Go2/Go2_ws/install/go2_driver/lib/python3.10/site-packages/go2_driver/__pycache__/twist_bridge.cpython-310.pyc
/home/huahua/project/Go2/Go2_ws/install/go2_driver/lib/python3.10/site-packages/go2_driver/__pycache__/__init__.cpython-310.pyc
/home/huahua/project/Go2/Go2_ws/install/go2_driver/share/ament_index/resource_index/packages/go2_driver
/home/huahua/project/Go2/Go2_ws/install/go2_driver/share/go2_driver/package.xml
/home/huahua/project/Go2/Go2_ws/install/go2_driver/share/go2_driver/launch/go2_driver.launch.py
/home/huahua/project/Go2/Go2_ws/install/go2_driver/lib/python3.10/site-packages/go2_driver-0.0.0-py3.10.egg-info/dependency_links.txt
/home/huahua/project/Go2/Go2_ws/install/go2_driver/lib/python3.10/site-packages/go2_driver-0.0.0-py3.10.egg-info/entry_points.txt
/home/huahua/project/Go2/Go2_ws/install/go2_driver/lib/python3.10/site-packages/go2_driver-0.0.0-py3.10.egg-info/requires.txt
/home/huahua/project/Go2/Go2_ws/install/go2_driver/lib/python3.10/site-packages/go2_driver-0.0.0-py3.10.egg-info/PKG-INFO
/home/huahua/project/Go2/Go2_ws/install/go2_driver/lib/python3.10/site-packages/go2_driver-0.0.0-py3.10.egg-info/top_level.txt
/home/huahua/project/Go2/Go2_ws/install/go2_driver/lib/python3.10/site-packages/go2_driver-0.0.0-py3.10.egg-info/zip-safe
/home/huahua/project/Go2/Go2_ws/install/go2_driver/lib/python3.10/site-packages/go2_driver-0.0.0-py3.10.egg-info/SOURCES.txt
/home/huahua/project/Go2/Go2_ws/install/go2_driver/lib/go2_driver/go2_controller
/home/huahua/project/Go2/Go2_ws/install/go2_driver/lib/go2_driver/go2_joint_pub
/home/huahua/project/Go2/Go2_ws/install/go2_driver/lib/go2_driver/go2_odom_imu
/home/huahua/project/Go2/Go2_ws/install/go2_driver/lib/go2_driver/twist_bridge
