[0.009s] Invoking command in '/home/huahua/project/Go2/Go2_ws/build/realsense2_camera': AMENT_PREFIX_PATH=/home/huahua/project/Go2/Go2_ws/install/realsense2_camera_msgs:${AMENT_PREFIX_PATH} CMAKE_PREFIX_PATH=/home/huahua/project/Go2/Go2_ws/install/realsense2_camera_msgs:/home/huahua/project/Go2/unitree_ros2/cyclonedds_ws/install/unitree_hg:/home/huahua/project/Go2/unitree_ros2/cyclonedds_ws/install/unitree_go:/home/huahua/project/Go2/unitree_ros2/cyclonedds_ws/install/unitree_api:/opt/ros/humble LD_LIBRARY_PATH=/home/huahua/project/Go2/Go2_ws/install/realsense2_camera_msgs/lib:${LD_LIBRARY_PATH} PYTHONPATH=/home/huahua/project/Go2/Go2_ws/install/realsense2_camera_msgs/local/lib/python3.10/dist-packages:${PYTHONPATH} /usr/bin/cmake /home/huahua/project/Go2/Go2_ws/src/realsense-ros/realsense2_camera -DROS_EDITION=ROS2 -DHUMBLE_ROS=humble -DCMAKE_INSTALL_PREFIX=/home/huahua/project/Go2/Go2_ws/install/realsense2_camera
[0.046s] -- The C compiler identification is GNU 11.4.0
[0.091s] -- The CXX compiler identification is GNU 11.4.0
[0.097s] -- Detecting C compiler ABI info
[0.148s] -- Detecting C compiler ABI info - done
[0.152s] -- Check for working C compiler: /usr/bin/cc - skipped
[0.152s] -- Detecting C compile features
[0.153s] -- Detecting C compile features - done
[0.154s] -- Detecting CXX compiler ABI info
[0.205s] -- Detecting CXX compiler ABI info - done
[0.209s] -- Check for working CXX compiler: /usr/bin/c++ - skipped
[0.209s] -- Detecting CXX compile features
[0.210s] -- Detecting CXX compile features - done
[0.210s] -- Create Release Build.
[0.211s] -- Found ament_cmake: 1.3.12 (/opt/ros/humble/share/ament_cmake/cmake)
[0.321s] -- Found Python3: /usr/bin/python3 (found version "3.10.12") found components: Interpreter 
[0.384s] -- Found builtin_interfaces: 1.2.2 (/opt/ros/humble/share/builtin_interfaces/cmake)
[0.404s] -- Found rosidl_generator_c: 3.1.7 (/opt/ros/humble/share/rosidl_generator_c/cmake)
[0.407s] -- Found rosidl_adapter: 3.1.7 (/opt/ros/humble/share/rosidl_adapter/cmake)
[0.413s] -- Found rosidl_generator_cpp: 3.1.7 (/opt/ros/humble/share/rosidl_generator_cpp/cmake)
[0.420s] -- Using all available rosidl_typesupport_c: rosidl_typesupport_fastrtps_c;rosidl_typesupport_introspection_c
[0.430s] -- Using all available rosidl_typesupport_cpp: rosidl_typesupport_fastrtps_cpp;rosidl_typesupport_introspection_cpp
[0.446s] -- Found cv_bridge: 3.2.1 (/opt/ros/humble/share/cv_bridge/cmake)
[0.482s] -- Found image_transport: 3.1.12 (/opt/ros/humble/share/image_transport/cmake)
[0.509s] -- Found rmw_implementation_cmake: 6.1.2 (/opt/ros/humble/share/rmw_implementation_cmake/cmake)
[0.510s] -- Found rmw_cyclonedds_cpp: 1.3.4 (/opt/ros/humble/share/rmw_cyclonedds_cpp/cmake)
[0.524s] -- Using RMW implementation 'rmw_cyclonedds_cpp' as default
[0.528s] -- Looking for pthread.h
[0.589s] -- Looking for pthread.h - found
[0.589s] -- Performing Test CMAKE_HAVE_LIBC_PTHREAD
[0.653s] -- Performing Test CMAKE_HAVE_LIBC_PTHREAD - Success
[0.654s] -- Found Threads: TRUE  
[0.711s] -- Found rclcpp_action: 16.0.16 (/opt/ros/humble/share/rclcpp_action/cmake)
[0.731s] -- Found rclcpp_components: 16.0.16 (/opt/ros/humble/share/rclcpp_components/cmake)
[0.740s] -- Found realsense2_camera_msgs: 4.57.4 (/home/huahua/project/Go2/Go2_ws/install/realsense2_camera_msgs/share/realsense2_camera_msgs/cmake)
[0.753s] -- Found std_srvs: 4.9.0 (/opt/ros/humble/share/std_srvs/cmake)
[0.758s] -- Found nav_msgs: 4.9.0 (/opt/ros/humble/share/nav_msgs/cmake)
[0.768s] -- Found tf2_ros: 0.25.17 (/opt/ros/humble/share/tf2_ros/cmake)
[0.793s] -- Found diagnostic_updater: 4.0.6 (/opt/ros/humble/share/diagnostic_updater/cmake)
[0.807s] -- Found OpenCV: /usr (found version "4.5.4") found components: core 
[0.811s] -- Build for ROS2 Humble
[0.813s] -- Found ament_cmake_gtest: 1.3.12 (/opt/ros/humble/share/ament_cmake_gtest/cmake)
[0.815s] -- Found gtest sources under '/opt/ros/humble/src/gtest_vendor': C++ tests using 'Google Test' will be built
[0.818s] -- Found ament_cmake_pytest: 1.3.12 (/opt/ros/humble/share/ament_cmake_pytest/cmake)
[5.658s] -- rs_device_info:
[5.658s] --  05/02 21:26:40,804 ERROR [139191119845248] (context.cpp:40) No valid configuration file found at : /home/huahua/.realsense-config.json loading defaults
[5.658s] No device detected. Is it plugged in?
[5.658s] 
[5.702s] -- Configuring done
[5.716s] -- Generating done
[5.717s] [33mCMake Warning:
[5.717s]   Manually-specified variables were not used by the project:
[5.717s] 
[5.717s]     HUMBLE_ROS
[5.717s]     ROS_EDITION
[5.717s] 
[5.717s] [0m
[5.720s] -- Build files have been written to: /home/huahua/project/Go2/Go2_ws/build/realsense2_camera
[5.729s] Invoked command in '/home/huahua/project/Go2/Go2_ws/build/realsense2_camera' returned '0': AMENT_PREFIX_PATH=/home/huahua/project/Go2/Go2_ws/install/realsense2_camera_msgs:${AMENT_PREFIX_PATH} CMAKE_PREFIX_PATH=/home/huahua/project/Go2/Go2_ws/install/realsense2_camera_msgs:/home/huahua/project/Go2/unitree_ros2/cyclonedds_ws/install/unitree_hg:/home/huahua/project/Go2/unitree_ros2/cyclonedds_ws/install/unitree_go:/home/huahua/project/Go2/unitree_ros2/cyclonedds_ws/install/unitree_api:/opt/ros/humble LD_LIBRARY_PATH=/home/huahua/project/Go2/Go2_ws/install/realsense2_camera_msgs/lib:${LD_LIBRARY_PATH} PYTHONPATH=/home/huahua/project/Go2/Go2_ws/install/realsense2_camera_msgs/local/lib/python3.10/dist-packages:${PYTHONPATH} /usr/bin/cmake /home/huahua/project/Go2/Go2_ws/src/realsense-ros/realsense2_camera -DROS_EDITION=ROS2 -DHUMBLE_ROS=humble -DCMAKE_INSTALL_PREFIX=/home/huahua/project/Go2/Go2_ws/install/realsense2_camera
[5.729s] Invoking command in '/home/huahua/project/Go2/Go2_ws/build/realsense2_camera': AMENT_PREFIX_PATH=/home/huahua/project/Go2/Go2_ws/install/realsense2_camera_msgs:${AMENT_PREFIX_PATH} CMAKE_PREFIX_PATH=/home/huahua/project/Go2/Go2_ws/install/realsense2_camera_msgs:/home/huahua/project/Go2/unitree_ros2/cyclonedds_ws/install/unitree_hg:/home/huahua/project/Go2/unitree_ros2/cyclonedds_ws/install/unitree_go:/home/huahua/project/Go2/unitree_ros2/cyclonedds_ws/install/unitree_api:/opt/ros/humble LD_LIBRARY_PATH=/home/huahua/project/Go2/Go2_ws/install/realsense2_camera_msgs/lib:${LD_LIBRARY_PATH} PYTHONPATH=/home/huahua/project/Go2/Go2_ws/install/realsense2_camera_msgs/local/lib/python3.10/dist-packages:${PYTHONPATH} /usr/bin/cmake --build /home/huahua/project/Go2/Go2_ws/build/realsense2_camera -- -j20 -l20
[5.769s] [  3%] [32mBuilding CXX object CMakeFiles/realsense2_camera_node.dir/rclcpp_components/node_main_realsense2_camera_node.cpp.o[0m
[5.769s] [  7%] [32mBuilding CXX object CMakeFiles/realsense2_camera.dir/src/parameters.cpp.o[0m
[5.769s] [ 15%] [32mBuilding CXX object CMakeFiles/realsense2_camera.dir/src/rs_node_setup.cpp.o[0m
[5.769s] [ 15%] [32mBuilding CXX object CMakeFiles/realsense2_camera.dir/src/ros_sensor.cpp.o[0m
[5.769s] [ 19%] [32mBuilding CXX object gtest/CMakeFiles/gtest.dir/src/gtest-all.cc.o[0m
[5.770s] [ 23%] [32mBuilding CXX object CMakeFiles/realsense2_camera.dir/src/base_realsense_node.cpp.o[0m
[5.770s] [ 30%] [32mBuilding CXX object CMakeFiles/realsense2_camera.dir/src/dynamic_params.cpp.o[0m
[5.771s] [ 34%] [32mBuilding CXX object CMakeFiles/realsense2_camera.dir/src/realsense_node_factory.cpp.o[0m
[5.771s] [ 38%] [32mBuilding CXX object CMakeFiles/realsense2_camera.dir/src/named_filter.cpp.o[0m
[5.771s] [ 42%] [32mBuilding CXX object CMakeFiles/realsense2_camera.dir/src/align_depth_filter.cpp.o[0m
[5.771s] [ 46%] [32mBuilding CXX object CMakeFiles/realsense2_camera.dir/src/ros_utils.cpp.o[0m
[5.771s] [ 57%] [32mBuilding CXX object CMakeFiles/realsense2_camera.dir/src/sensor_params.cpp.o[0m
[5.771s] [ 57%] [32mBuilding CXX object CMakeFiles/realsense2_camera.dir/src/actions.cpp.o[0m
[5.771s] [ 61%] [32mBuilding CXX object CMakeFiles/realsense2_camera.dir/src/profile_manager.cpp.o[0m
[5.772s] [ 65%] [32mBuilding CXX object gtest/CMakeFiles/gtest_main.dir/src/gtest_main.cc.o[0m
[5.772s] [ 65%] [32mBuilding CXX object CMakeFiles/realsense2_camera.dir/src/pointcloud_filter.cpp.o[0m
[5.773s] [ 73%] [32mBuilding CXX object CMakeFiles/realsense2_camera.dir/src/safety.cpp.o[0m
[5.773s] [ 73%] [32mBuilding CXX object CMakeFiles/realsense2_camera.dir/src/image_publisher.cpp.o[0m
[5.773s] [ 65%] [32mBuilding CXX object CMakeFiles/realsense2_camera.dir/src/tfs.cpp.o[0m
[5.776s] [ 76%] [32mBuilding CXX object CMakeFiles/realsense2_camera.dir/src/ros_param_backend.cpp.o[0m
[6.593s] [ 80%] [32m[1mLinking CXX static library libgtest_main.a[0m
[6.719s] [ 80%] Built target gtest_main
[10.967s] [ 84%] [32m[1mLinking CXX executable realsense2_camera_node[0m
[11.154s] [ 84%] Built target realsense2_camera_node
[14.455s] [ 88%] [32m[1mLinking CXX static library libgtest.a[0m
[14.518s] [ 88%] Built target gtest
[14.537s] [ 92%] [32mBuilding CXX object CMakeFiles/gtest_template.dir/test/gtest_template.cpp.o[0m
[15.376s] [ 96%] [32m[1mLinking CXX executable gtest_template[0m
[15.437s] [ 96%] Built target gtest_template
[21.772s] [100%] [32m[1mLinking CXX shared library librealsense2_camera.so[0m
[22.132s] [100%] Built target realsense2_camera
[22.143s] Invoked command in '/home/huahua/project/Go2/Go2_ws/build/realsense2_camera' returned '0': AMENT_PREFIX_PATH=/home/huahua/project/Go2/Go2_ws/install/realsense2_camera_msgs:${AMENT_PREFIX_PATH} CMAKE_PREFIX_PATH=/home/huahua/project/Go2/Go2_ws/install/realsense2_camera_msgs:/home/huahua/project/Go2/unitree_ros2/cyclonedds_ws/install/unitree_hg:/home/huahua/project/Go2/unitree_ros2/cyclonedds_ws/install/unitree_go:/home/huahua/project/Go2/unitree_ros2/cyclonedds_ws/install/unitree_api:/opt/ros/humble LD_LIBRARY_PATH=/home/huahua/project/Go2/Go2_ws/install/realsense2_camera_msgs/lib:${LD_LIBRARY_PATH} PYTHONPATH=/home/huahua/project/Go2/Go2_ws/install/realsense2_camera_msgs/local/lib/python3.10/dist-packages:${PYTHONPATH} /usr/bin/cmake --build /home/huahua/project/Go2/Go2_ws/build/realsense2_camera -- -j20 -l20
[22.144s] Invoking command in '/home/huahua/project/Go2/Go2_ws/build/realsense2_camera': AMENT_PREFIX_PATH=/home/huahua/project/Go2/Go2_ws/install/realsense2_camera_msgs:${AMENT_PREFIX_PATH} CMAKE_PREFIX_PATH=/home/huahua/project/Go2/Go2_ws/install/realsense2_camera_msgs:/home/huahua/project/Go2/unitree_ros2/cyclonedds_ws/install/unitree_hg:/home/huahua/project/Go2/unitree_ros2/cyclonedds_ws/install/unitree_go:/home/huahua/project/Go2/unitree_ros2/cyclonedds_ws/install/unitree_api:/opt/ros/humble LD_LIBRARY_PATH=/home/huahua/project/Go2/Go2_ws/install/realsense2_camera_msgs/lib:${LD_LIBRARY_PATH} PYTHONPATH=/home/huahua/project/Go2/Go2_ws/install/realsense2_camera_msgs/local/lib/python3.10/dist-packages:${PYTHONPATH} /usr/bin/cmake --install /home/huahua/project/Go2/Go2_ws/build/realsense2_camera
[22.150s] -- Install configuration: "Release"
[22.151s] -- Installing: /home/huahua/project/Go2/Go2_ws/install/realsense2_camera/share/realsense2_camera/config/global_settings.yaml
[22.151s] -- Installing: /home/huahua/project/Go2/Go2_ws/install/realsense2_camera/lib/realsense2_camera/realsense2_camera_node
[22.151s] -- Set runtime path of "/home/huahua/project/Go2/Go2_ws/install/realsense2_camera/lib/realsense2_camera/realsense2_camera_node" to ""
[22.151s] -- Installing: /home/huahua/project/Go2/Go2_ws/install/realsense2_camera/lib/librealsense2_camera.so
[22.152s] -- Set runtime path of "/home/huahua/project/Go2/Go2_ws/install/realsense2_camera/lib/librealsense2_camera.so" to ""
[22.152s] -- Installing: /home/huahua/project/Go2/Go2_ws/install/realsense2_camera/include
[22.152s] -- Installing: /home/huahua/project/Go2/Go2_ws/install/realsense2_camera/include/named_filter.h
[22.153s] -- Installing: /home/huahua/project/Go2/Go2_ws/install/realsense2_camera/include/pointcloud_filter.h
[22.153s] -- Installing: /home/huahua/project/Go2/Go2_ws/install/realsense2_camera/include/image_publisher.h
[22.153s] -- Installing: /home/huahua/project/Go2/Go2_ws/install/realsense2_camera/include/ros_param_backend.h
[22.153s] -- Installing: /home/huahua/project/Go2/Go2_ws/install/realsense2_camera/include/gl_window.h
[22.153s] -- Installing: /home/huahua/project/Go2/Go2_ws/install/realsense2_camera/include/ros_node_base.h
[22.153s] -- Installing: /home/huahua/project/Go2/Go2_ws/install/realsense2_camera/include/profile_manager.h
[22.153s] -- Installing: /home/huahua/project/Go2/Go2_ws/install/realsense2_camera/include/ros_sensor.h
[22.153s] -- Installing: /home/huahua/project/Go2/Go2_ws/install/realsense2_camera/include/constants.h
[22.153s] -- Installing: /home/huahua/project/Go2/Go2_ws/install/realsense2_camera/include/base_realsense_node.h
[22.153s] -- Installing: /home/huahua/project/Go2/Go2_ws/install/realsense2_camera/include/dynamic_params.h
[22.153s] -- Installing: /home/huahua/project/Go2/Go2_ws/install/realsense2_camera/include/realsense_node_factory.h
[22.153s] -- Installing: /home/huahua/project/Go2/Go2_ws/install/realsense2_camera/include/align_depth_filter.h
[22.153s] -- Installing: /home/huahua/project/Go2/Go2_ws/install/realsense2_camera/include/ros_utils.h
[22.153s] -- Installing: /home/huahua/project/Go2/Go2_ws/install/realsense2_camera/include/context_singleton_wrapper.h
[22.154s] -- Installing: /home/huahua/project/Go2/Go2_ws/install/realsense2_camera/include/sensor_params.h
[22.154s] -- Installing: /home/huahua/project/Go2/Go2_ws/install/realsense2_camera/share/realsense2_camera/launch
[22.154s] -- Installing: /home/huahua/project/Go2/Go2_ws/install/realsense2_camera/share/realsense2_camera/launch/rs_multi_camera_launch.py
[22.154s] -- Installing: /home/huahua/project/Go2/Go2_ws/install/realsense2_camera/share/realsense2_camera/launch/rs_multi_camera_launch_sync.py
[22.154s] -- Installing: /home/huahua/project/Go2/Go2_ws/install/realsense2_camera/share/realsense2_camera/launch/rs_launch.py
[22.154s] -- Installing: /home/huahua/project/Go2/Go2_ws/install/realsense2_camera/share/realsense2_camera/launch/default.rviz
[22.154s] -- Installing: /home/huahua/project/Go2/Go2_ws/install/realsense2_camera/share/realsense2_camera/launch/rs_intra_process_demo_launch.py
[22.154s] -- Installing: /home/huahua/project/Go2/Go2_ws/install/realsense2_camera/share/realsense2_camera/examples
[22.154s] -- Installing: /home/huahua/project/Go2/Go2_ws/install/realsense2_camera/share/realsense2_camera/examples/align_depth
[22.154s] -- Installing: /home/huahua/project/Go2/Go2_ws/install/realsense2_camera/share/realsense2_camera/examples/align_depth/rs_align_depth_launch.py
[22.154s] -- Installing: /home/huahua/project/Go2/Go2_ws/install/realsense2_camera/share/realsense2_camera/examples/align_depth/README.md
[22.154s] -- Installing: /home/huahua/project/Go2/Go2_ws/install/realsense2_camera/share/realsense2_camera/examples/launch_params_from_file
[22.154s] -- Installing: /home/huahua/project/Go2/Go2_ws/install/realsense2_camera/share/realsense2_camera/examples/launch_params_from_file/config
[22.154s] -- Installing: /home/huahua/project/Go2/Go2_ws/install/realsense2_camera/share/realsense2_camera/examples/launch_params_from_file/config/config.yaml
[22.154s] -- Installing: /home/huahua/project/Go2/Go2_ws/install/realsense2_camera/share/realsense2_camera/examples/launch_params_from_file/rs_launch_get_params_from_yaml.py
[22.154s] -- Installing: /home/huahua/project/Go2/Go2_ws/install/realsense2_camera/share/realsense2_camera/examples/launch_params_from_file/README.md
[22.154s] -- Installing: /home/huahua/project/Go2/Go2_ws/install/realsense2_camera/share/realsense2_camera/examples/dual_camera
[22.154s] -- Installing: /home/huahua/project/Go2/Go2_ws/install/realsense2_camera/share/realsense2_camera/examples/dual_camera/rviz
[22.154s] -- Installing: /home/huahua/project/Go2/Go2_ws/install/realsense2_camera/share/realsense2_camera/examples/dual_camera/rviz/dual_camera_pointcloud.rviz
[22.154s] -- Installing: /home/huahua/project/Go2/Go2_ws/install/realsense2_camera/share/realsense2_camera/examples/dual_camera/rs_dual_camera_launch.py
[22.154s] -- Installing: /home/huahua/project/Go2/Go2_ws/install/realsense2_camera/share/realsense2_camera/examples/dual_camera/README.md
[22.154s] -- Installing: /home/huahua/project/Go2/Go2_ws/install/realsense2_camera/share/realsense2_camera/examples/pointcloud
[22.154s] -- Installing: /home/huahua/project/Go2/Go2_ws/install/realsense2_camera/share/realsense2_camera/examples/pointcloud/rs_d455_pointcloud_launch.py
[22.154s] -- Installing: /home/huahua/project/Go2/Go2_ws/install/realsense2_camera/share/realsense2_camera/examples/pointcloud/rs_pointcloud_infra_launch.py
[22.154s] -- Installing: /home/huahua/project/Go2/Go2_ws/install/realsense2_camera/share/realsense2_camera/examples/pointcloud/rs_pointcloud_launch.py
[22.154s] -- Installing: /home/huahua/project/Go2/Go2_ws/install/realsense2_camera/share/realsense2_camera/examples/pointcloud/rviz
[22.154s] -- Installing: /home/huahua/project/Go2/Go2_ws/install/realsense2_camera/share/realsense2_camera/examples/pointcloud/rviz/pointcloud.rviz
[22.154s] -- Installing: /home/huahua/project/Go2/Go2_ws/install/realsense2_camera/share/realsense2_camera/examples/pointcloud/rviz/urdf_pointcloud.rviz
[22.155s] -- Installing: /home/huahua/project/Go2/Go2_ws/install/realsense2_camera/share/realsense2_camera/examples/pointcloud/rs_d405_pointcloud_launch.py
[22.155s] -- Installing: /home/huahua/project/Go2/Go2_ws/install/realsense2_camera/share/realsense2_camera/examples/pointcloud/README.md
[22.155s] -- Installing: /home/huahua/project/Go2/Go2_ws/install/realsense2_camera/share/realsense2_camera/examples/d500_tables
[22.155s] -- Installing: /home/huahua/project/Go2/Go2_ws/install/realsense2_camera/share/realsense2_camera/examples/d500_tables/application_config_example.json
[22.155s] -- Installing: /home/huahua/project/Go2/Go2_ws/install/realsense2_camera/share/realsense2_camera/examples/d500_tables/calib_config_example.json
[22.155s] -- Installing: /home/huahua/project/Go2/Go2_ws/install/realsense2_camera/share/realsense2_camera/examples/d500_tables/safety_preset_example.json
[22.155s] -- Installing: /home/huahua/project/Go2/Go2_ws/install/realsense2_camera/share/realsense2_camera/examples/d500_tables/safety_interface_config_example.json
[22.155s] -- Installing: /home/huahua/project/Go2/Go2_ws/install/realsense2_camera/share/realsense2_camera/examples/launch_from_rosbag
[22.155s] -- Installing: /home/huahua/project/Go2/Go2_ws/install/realsense2_camera/share/realsense2_camera/examples/launch_from_rosbag/rs_launch_from_rosbag.py
[22.155s] -- Installing: /home/huahua/project/Go2/Go2_ws/install/realsense2_camera/share/realsense2_camera/examples/launch_from_rosbag/README.md
[22.155s] -- Installing: /home/huahua/project/Go2/Go2_ws/install/realsense2_camera/share/realsense2_camera/environment/library_path.sh
[22.155s] -- Installing: /home/huahua/project/Go2/Go2_ws/install/realsense2_camera/share/realsense2_camera/environment/library_path.dsv
[22.155s] -- Installing: /home/huahua/project/Go2/Go2_ws/install/realsense2_camera/share/ament_index/resource_index/package_run_dependencies/realsense2_camera
[22.155s] -- Installing: /home/huahua/project/Go2/Go2_ws/install/realsense2_camera/share/ament_index/resource_index/parent_prefix_path/realsense2_camera
[22.155s] -- Installing: /home/huahua/project/Go2/Go2_ws/install/realsense2_camera/share/realsense2_camera/environment/ament_prefix_path.sh
[22.155s] -- Installing: /home/huahua/project/Go2/Go2_ws/install/realsense2_camera/share/realsense2_camera/environment/ament_prefix_path.dsv
[22.155s] -- Installing: /home/huahua/project/Go2/Go2_ws/install/realsense2_camera/share/realsense2_camera/environment/path.sh
[22.155s] -- Installing: /home/huahua/project/Go2/Go2_ws/install/realsense2_camera/share/realsense2_camera/environment/path.dsv
[22.155s] -- Installing: /home/huahua/project/Go2/Go2_ws/install/realsense2_camera/share/realsense2_camera/local_setup.bash
[22.155s] -- Installing: /home/huahua/project/Go2/Go2_ws/install/realsense2_camera/share/realsense2_camera/local_setup.sh
[22.155s] -- Installing: /home/huahua/project/Go2/Go2_ws/install/realsense2_camera/share/realsense2_camera/local_setup.zsh
[22.155s] -- Installing: /home/huahua/project/Go2/Go2_ws/install/realsense2_camera/share/realsense2_camera/local_setup.dsv
[22.155s] -- Installing: /home/huahua/project/Go2/Go2_ws/install/realsense2_camera/share/realsense2_camera/package.dsv
[22.156s] -- Installing: /home/huahua/project/Go2/Go2_ws/install/realsense2_camera/share/ament_index/resource_index/packages/realsense2_camera
[22.156s] -- Installing: /home/huahua/project/Go2/Go2_ws/install/realsense2_camera/share/ament_index/resource_index/rclcpp_components/realsense2_camera
[22.156s] -- Installing: /home/huahua/project/Go2/Go2_ws/install/realsense2_camera/share/realsense2_camera/cmake/ament_cmake_export_include_directories-extras.cmake
[22.156s] -- Installing: /home/huahua/project/Go2/Go2_ws/install/realsense2_camera/share/realsense2_camera/cmake/ament_cmake_export_libraries-extras.cmake
[22.156s] -- Installing: /home/huahua/project/Go2/Go2_ws/install/realsense2_camera/share/realsense2_camera/cmake/ament_cmake_export_dependencies-extras.cmake
[22.156s] -- Installing: /home/huahua/project/Go2/Go2_ws/install/realsense2_camera/share/realsense2_camera/cmake/realsense2_cameraConfig.cmake
[22.156s] -- Installing: /home/huahua/project/Go2/Go2_ws/install/realsense2_camera/share/realsense2_camera/cmake/realsense2_cameraConfig-version.cmake
[22.156s] -- Installing: /home/huahua/project/Go2/Go2_ws/install/realsense2_camera/share/realsense2_camera/package.xml
[22.157s] Invoked command in '/home/huahua/project/Go2/Go2_ws/build/realsense2_camera' returned '0': AMENT_PREFIX_PATH=/home/huahua/project/Go2/Go2_ws/install/realsense2_camera_msgs:${AMENT_PREFIX_PATH} CMAKE_PREFIX_PATH=/home/huahua/project/Go2/Go2_ws/install/realsense2_camera_msgs:/home/huahua/project/Go2/unitree_ros2/cyclonedds_ws/install/unitree_hg:/home/huahua/project/Go2/unitree_ros2/cyclonedds_ws/install/unitree_go:/home/huahua/project/Go2/unitree_ros2/cyclonedds_ws/install/unitree_api:/opt/ros/humble LD_LIBRARY_PATH=/home/huahua/project/Go2/Go2_ws/install/realsense2_camera_msgs/lib:${LD_LIBRARY_PATH} PYTHONPATH=/home/huahua/project/Go2/Go2_ws/install/realsense2_camera_msgs/local/lib/python3.10/dist-packages:${PYTHONPATH} /usr/bin/cmake --install /home/huahua/project/Go2/Go2_ws/build/realsense2_camera
